
Start-Date: 2020-02-02  00:33:51
Commandline: apt-get install -y --no-install-recommends ca-certificates curl netbase wget
Install: libssh2-1:amd64 (1.7.0-1+deb9u1, automatic), libkrb5-3:amd64 (1.15-1+deb9u1, automatic), libgssapi-krb5-2:amd64 (1.15-1+deb9u1, automatic), libnghttp2-14:amd64 (1.18.1-1+deb9u1, automatic), libsasl2-modules-db:amd64 (2.1.27~101-g0780600+dfsg-3+deb9u1, automatic), libcurl3:amd64 (7.52.1-5+deb9u9, automatic), libldap-2.4-2:amd64 (2.4.44+dfsg-5+deb9u3, automatic), openssl:amd64 (1.1.0l-1~deb9u1, automatic), libpsl5:amd64 (0.17.0-3, automatic), libgmp10:amd64 (2:6.1.2+dfsg-1, automatic), netbase:amd64 (5.4), libk5crypto3:amd64 (1.15-1+deb9u1, automatic), libsasl2-2:amd64 (2.1.27~101-g0780600+dfsg-3+deb9u1, automatic), librtmp1:amd64 (2.4+20151223.gitfa8646d.1-1+b1, automatic), libkrb5support0:amd64 (1.15-1+deb9u1, automatic), libldap-common:amd64 (2.4.44+dfsg-5+deb9u3, automatic), libkeyutils1:amd64 (1.5.9-9, automatic), libhogweed4:amd64 (3.3-1+b2, automatic), libgnutls30:amd64 (3.5.8-5+deb9u4, automatic), ca-certificates:amd64 (20161130+nmu1+deb9u1), libffi6:amd64 (3.2.1-6, automatic), libunistring0:amd64 (0.9.6+really0.9.3-0.1, automatic), libp11-kit0:amd64 (0.23.3-2, automatic), wget:amd64 (1.18-5+deb9u3), libssl1.1:amd64 (1.1.0l-1~deb9u1, automatic), libtasn1-6:amd64 (4.10-1.1+deb9u1, automatic), curl:amd64 (7.52.1-5+deb9u9), libidn2-0:amd64 (0.16-1+deb9u1, automatic), libssl1.0.2:amd64 (1.0.2u-1~deb9u1, automatic)
End-Date: 2020-02-02  00:33:56

Start-Date: 2020-02-02  00:34:01
Commandline: apt-get install -y --no-install-recommends gnupg dirmngr
Install: gnupg-agent:amd64 (2.1.18-8~deb9u4, automatic), libksba8:amd64 (1.3.5-2, automatic), libsqlite3-0:amd64 (3.16.2-5+deb9u1, automatic), readline-common:amd64 (7.0-3, automatic), libassuan0:amd64 (2.4.3-2, automatic), dirmngr:amd64 (2.1.18-8~deb9u4), libreadline7:amd64 (7.0-3, automatic), gnupg:amd64 (2.1.18-8~deb9u4), pinentry-curses:amd64 (1.0.0-2, automatic), libnpth0:amd64 (1.3-1, automatic)
End-Date: 2020-02-02  00:34:02

Start-Date: 2020-02-02  00:34:13
Commandline: apt-get install -y --no-install-recommends bzr git mercurial openssh-client subversion procps
Install: python-six:amd64 (1.10.0-3, automatic), libserf-1-1:amd64 (1.3.9-3+deb9u1, automatic), git-man:amd64 (1:2.11.0-3+deb9u5, automatic), libaprutil1:amd64 (1.5.4-3, automatic), python2.7-minimal:amd64 (2.7.13-2+deb9u3, automatic), bzr:amd64 (2.7.0+bzr6619-7+deb9u1), libbsd0:amd64 (0.8.3-1, automatic), perl-modules-5.24:amd64 (5.24.1-3+deb9u5, automatic), libncurses5:amd64 (6.0+20161126-1+deb9u2, automatic), python2.7:amd64 (2.7.13-2+deb9u3, automatic), git:amd64 (1:2.11.0-3+deb9u5), mime-support:amd64 (3.60, automatic), python-bzrlib:amd64 (2.7.0+bzr6619-7+deb9u1, automatic), procps:amd64 (2:3.3.12-3+deb9u1), python:amd64 (2.7.13-2, automatic), libprocps6:amd64 (2:3.3.12-3+deb9u1, automatic), libsvn1:amd64 (1.9.5-1+deb9u5, automatic), libexpat1:amd64 (2.2.0-2+deb9u3, automatic), libperl5.24:amd64 (5.24.1-3+deb9u5, automatic), libapr1:amd64 (1.5.2-5, automatic), libpython-stdlib:amd64 (2.7.13-2, automatic), subversion:amd64 (1.9.5-1+deb9u5), libgdbm3:amd64 (1.8.3-14, automatic), ucf:amd64 (3.0036, automatic), openssh-client:amd64 (1:7.4p1-10+deb9u7), mercurial-common:amd64 (4.0-1+deb9u1, automatic), python-configobj:amd64 (5.0.6-2, automatic), libjs-excanvas:amd64 (0.r3-4, automatic), libpython2.7-minimal:amd64 (2.7.13-2+deb9u3, automatic), libedit2:amd64 (3.1-20160903-3, automatic), mercurial:amd64 (4.0-1+deb9u1), perl:amd64 (5.24.1-3+deb9u5, automatic), libpython2.7-stdlib:amd64 (2.7.13-2+deb9u3, automatic), python-minimal:amd64 (2.7.13-2, automatic), libcurl3-gnutls:amd64 (7.52.1-5+deb9u9, automatic), liberror-perl:amd64 (0.17024-1, automatic)
End-Date: 2020-02-02  00:34:25

Start-Date: 2020-02-02  06:26:07
Commandline: apt-get install -y --no-install-recommends bzip2 unzip xz-utils ca-certificates p11-kit fontconfig libfreetype6
Install: p11-kit:amd64 (0.23.3-2), fontconfig-config:amd64 (2.11.0-6.7, automatic), p11-kit-modules:amd64 (0.23.3-2, automatic), fontconfig:amd64 (2.11.0-6.7+b1), fonts-dejavu-core:amd64 (2.37-1, automatic), xz-utils:amd64 (5.2.2-1.2+b1), libfontconfig1:amd64 (2.11.0-6.7+b1, automatic), unzip:amd64 (6.0-21+deb9u2), bzip2:amd64 (1.0.6-8.1), libfreetype6:amd64 (2.6.3-3.2), libpng16-16:amd64 (1.6.28-1+deb9u1, automatic)
End-Date: 2020-02-02  06:26:11

Start-Date: 2020-12-02  11:53:08
Commandline: apt-get upgrade -y
Upgrade: perl-base:amd64 (5.24.1-3+deb9u5, 5.24.1-3+deb9u7), libcomerr2:amd64 (1.43.4-2+deb9u1, 1.43.4-2+deb9u2), libkrb5-3:amd64 (1.15-1+deb9u1, 1.15-1+deb9u2), libgssapi-krb5-2:amd64 (1.15-1+deb9u1, 1.15-1+deb9u2), libcurl3:amd64 (7.52.1-5+deb9u9, 7.52.1-5+deb9u12), libldap-2.4-2:amd64 (2.4.44+dfsg-5+deb9u3, 2.4.44+dfsg-5+deb9u5), git-man:amd64 (1:2.11.0-3+deb9u5, 1:2.11.0-3+deb9u7), apt:amd64 (1.4.9, 1.4.10), python2.7-minimal:amd64 (2.7.13-2+deb9u3, 2.7.13-2+deb9u4), libsqlite3-0:amd64 (3.16.2-5+deb9u1, 3.16.2-5+deb9u2), e2fsprogs:amd64 (1.43.4-2+deb9u1, 1.43.4-2+deb9u2), perl-modules-5.24:amd64 (5.24.1-3+deb9u5, 5.24.1-3+deb9u7), python2.7:amd64 (2.7.13-2+deb9u3, 2.7.13-2+deb9u4), git:amd64 (1:2.11.0-3+deb9u5, 1:2.11.0-3+deb9u7), libk5crypto3:amd64 (1.15-1+deb9u1, 1.15-1+deb9u2), e2fslibs:amd64 (1.43.4-2+deb9u1, 1.43.4-2+deb9u2), libapt-pkg5.0:amd64 (1.4.9, 1.4.10), libss2:amd64 (1.43.4-2+deb9u1, 1.43.4-2+deb9u2), libperl5.24:amd64 (5.24.1-3+deb9u5, 5.24.1-3+deb9u7), libkrb5support0:amd64 (1.15-1+deb9u1, 1.15-1+deb9u2), libldap-common:amd64 (2.4.44+dfsg-5+deb9u3, 2.4.44+dfsg-5+deb9u5), mercurial-common:amd64 (4.0-1+deb9u1, 4.0-1+deb9u2), libidn11:amd64 (1.33-1, 1.33-1+deb9u1), libpython2.7-minimal:amd64 (2.7.13-2+deb9u3, 2.7.13-2+deb9u4), libgnutls30:amd64 (3.5.8-5+deb9u4, 3.5.8-5+deb9u5), libfreetype6:amd64 (2.6.3-3.2, 2.6.3-3.2+deb9u2), ca-certificates:amd64 (20161130+nmu1+deb9u1, 20200601~deb9u1), mercurial:amd64 (4.0-1+deb9u1, 4.0-1+deb9u2), perl:amd64 (5.24.1-3+deb9u5, 5.24.1-3+deb9u7), libpython2.7-stdlib:amd64 (2.7.13-2+deb9u3, 2.7.13-2+deb9u4), curl:amd64 (7.52.1-5+deb9u9, 7.52.1-5+deb9u12), libcurl3-gnutls:amd64 (7.52.1-5+deb9u9, 7.52.1-5+deb9u12), libssl1.0.2:amd64 (1.0.2u-1~deb9u1, 1.0.2u-1~deb9u2), base-files:amd64 (9.9+deb9u11, 9.9+deb9u13), tzdata:amd64 (2019c-0+deb9u1, 2020d-0+deb9u1)
End-Date: 2020-12-02  11:54:45

Start-Date: 2020-12-02  11:54:49
Commandline: apt-get install -y apt-transport-https
Install: apt-transport-https:amd64 (1.4.10)
End-Date: 2020-12-02  11:54:50

Start-Date: 2020-12-02  11:54:55
Commandline: apt-get install -y git-lfs
Install: git-lfs:amd64 (2.12.1)
End-Date: 2020-12-02  11:54:56

Start-Date: 2020-12-04  07:53:24
Commandline: apt-get install vim -y
Install: vim-common:amd64 (2:8.0.0197-4+deb9u3, automatic), vim-runtime:amd64 (2:8.0.0197-4+deb9u3, automatic), vim:amd64 (2:8.0.0197-4+deb9u3), xxd:amd64 (2:8.0.0197-4+deb9u3, automatic), libgpm2:amd64 (1.20.4-6.2+b1, automatic)
Error: Sub-process /usr/bin/dpkg returned an error code (2)
End-Date: 2020-12-04  07:53:24

Start-Date: 2020-12-04  07:54:13
Commandline: apt-get install apt-utils -y
Install: libapt-inst2.0:amd64 (1.4.10, automatic), apt-utils:amd64 (1.4.10)
Error: Sub-process /usr/bin/dpkg returned an error code (2)
End-Date: 2020-12-04  07:54:13

Start-Date: 2020-12-04  07:56:04
Commandline: apt-get install apt-utils -y
Install: libapt-inst2.0:amd64 (1.4.10, automatic), apt-utils:amd64 (1.4.10)
Error: Sub-process /usr/bin/dpkg returned an error code (2)
End-Date: 2020-12-04  07:56:04

Start-Date: 2020-12-04  07:57:43
Commandline: apt-get install apt-utils -y
Install: libapt-inst2.0:amd64 (1.4.10, automatic), apt-utils:amd64 (1.4.10)
Error: Sub-process /usr/bin/dpkg returned an error code (2)
End-Date: 2020-12-04  07:57:43

Start-Date: 2020-12-04  07:58:19
Commandline: apt-get install vim -y
Install: vim-common:amd64 (2:8.0.0197-4+deb9u3, automatic), vim-runtime:amd64 (2:8.0.0197-4+deb9u3, automatic), vim:amd64 (2:8.0.0197-4+deb9u3), xxd:amd64 (2:8.0.0197-4+deb9u3, automatic), libgpm2:amd64 (1.20.4-6.2+b1, automatic)
Error: Sub-process /usr/bin/dpkg returned an error code (2)
End-Date: 2020-12-04  07:58:19
