2020-02-02 00:33:51 startup archives unpack
2020-02-02 00:33:51 install libssl1.0.2:amd64 <none> 1.0.2u-1~deb9u1
2020-02-02 00:33:51 status triggers-pending libc-bin:amd64 2.24-11+deb9u4
2020-02-02 00:33:51 status half-installed libssl1.0.2:amd64 1.0.2u-1~deb9u1
2020-02-02 00:33:51 status unpacked libssl1.0.2:amd64 1.0.2u-1~deb9u1
2020-02-02 00:33:51 status unpacked libssl1.0.2:amd64 1.0.2u-1~deb9u1
2020-02-02 00:33:51 install libssl1.1:amd64 <none> 1.1.0l-1~deb9u1
2020-02-02 00:33:51 status half-installed libssl1.1:amd64 1.1.0l-1~deb9u1
2020-02-02 00:33:51 status unpacked libssl1.1:amd64 1.1.0l-1~deb9u1
2020-02-02 00:33:51 status unpacked libssl1.1:amd64 1.1.0l-1~deb9u1
2020-02-02 00:33:51 install netbase:all <none> 5.4
2020-02-02 00:33:51 status half-installed netbase:all 5.4
2020-02-02 00:33:51 status unpacked netbase:all 5.4
2020-02-02 00:33:51 status unpacked netbase:all 5.4
2020-02-02 00:33:51 install libgmp10:amd64 <none> 2:6.1.2+dfsg-1
2020-02-02 00:33:51 status half-installed libgmp10:amd64 2:6.1.2+dfsg-1
2020-02-02 00:33:51 status unpacked libgmp10:amd64 2:6.1.2+dfsg-1
2020-02-02 00:33:51 status unpacked libgmp10:amd64 2:6.1.2+dfsg-1
2020-02-02 00:33:52 install libhogweed4:amd64 <none> 3.3-1+b2
2020-02-02 00:33:52 status half-installed libhogweed4:amd64 3.3-1+b2
2020-02-02 00:33:52 status unpacked libhogweed4:amd64 3.3-1+b2
2020-02-02 00:33:52 status unpacked libhogweed4:amd64 3.3-1+b2
2020-02-02 00:33:52 install libffi6:amd64 <none> 3.2.1-6
2020-02-02 00:33:52 status half-installed libffi6:amd64 3.2.1-6
2020-02-02 00:33:52 status unpacked libffi6:amd64 3.2.1-6
2020-02-02 00:33:52 status unpacked libffi6:amd64 3.2.1-6
2020-02-02 00:33:52 install libp11-kit0:amd64 <none> 0.23.3-2
2020-02-02 00:33:52 status half-installed libp11-kit0:amd64 0.23.3-2
2020-02-02 00:33:52 status unpacked libp11-kit0:amd64 0.23.3-2
2020-02-02 00:33:52 status unpacked libp11-kit0:amd64 0.23.3-2
2020-02-02 00:33:52 install libtasn1-6:amd64 <none> 4.10-1.1+deb9u1
2020-02-02 00:33:52 status half-installed libtasn1-6:amd64 4.10-1.1+deb9u1
2020-02-02 00:33:52 status unpacked libtasn1-6:amd64 4.10-1.1+deb9u1
2020-02-02 00:33:52 status unpacked libtasn1-6:amd64 4.10-1.1+deb9u1
2020-02-02 00:33:52 install libgnutls30:amd64 <none> 3.5.8-5+deb9u4
2020-02-02 00:33:52 status half-installed libgnutls30:amd64 3.5.8-5+deb9u4
2020-02-02 00:33:52 status unpacked libgnutls30:amd64 3.5.8-5+deb9u4
2020-02-02 00:33:52 status unpacked libgnutls30:amd64 3.5.8-5+deb9u4
2020-02-02 00:33:52 install libunistring0:amd64 <none> 0.9.6+really0.9.3-0.1
2020-02-02 00:33:52 status half-installed libunistring0:amd64 0.9.6+really0.9.3-0.1
2020-02-02 00:33:52 status unpacked libunistring0:amd64 0.9.6+really0.9.3-0.1
2020-02-02 00:33:52 status unpacked libunistring0:amd64 0.9.6+really0.9.3-0.1
2020-02-02 00:33:52 install libidn2-0:amd64 <none> 0.16-1+deb9u1
2020-02-02 00:33:52 status half-installed libidn2-0:amd64 0.16-1+deb9u1
2020-02-02 00:33:52 status unpacked libidn2-0:amd64 0.16-1+deb9u1
2020-02-02 00:33:52 status unpacked libidn2-0:amd64 0.16-1+deb9u1
2020-02-02 00:33:52 install libpsl5:amd64 <none> 0.17.0-3
2020-02-02 00:33:52 status half-installed libpsl5:amd64 0.17.0-3
2020-02-02 00:33:52 status unpacked libpsl5:amd64 0.17.0-3
2020-02-02 00:33:52 status unpacked libpsl5:amd64 0.17.0-3
2020-02-02 00:33:52 install wget:amd64 <none> 1.18-5+deb9u3
2020-02-02 00:33:52 status half-installed wget:amd64 1.18-5+deb9u3
2020-02-02 00:33:52 status unpacked wget:amd64 1.18-5+deb9u3
2020-02-02 00:33:52 status unpacked wget:amd64 1.18-5+deb9u3
2020-02-02 00:33:52 install libkeyutils1:amd64 <none> 1.5.9-9
2020-02-02 00:33:52 status half-installed libkeyutils1:amd64 1.5.9-9
2020-02-02 00:33:52 status unpacked libkeyutils1:amd64 1.5.9-9
2020-02-02 00:33:52 status unpacked libkeyutils1:amd64 1.5.9-9
2020-02-02 00:33:52 install libkrb5support0:amd64 <none> 1.15-1+deb9u1
2020-02-02 00:33:52 status half-installed libkrb5support0:amd64 1.15-1+deb9u1
2020-02-02 00:33:52 status unpacked libkrb5support0:amd64 1.15-1+deb9u1
2020-02-02 00:33:52 status unpacked libkrb5support0:amd64 1.15-1+deb9u1
2020-02-02 00:33:52 install libk5crypto3:amd64 <none> 1.15-1+deb9u1
2020-02-02 00:33:52 status half-installed libk5crypto3:amd64 1.15-1+deb9u1
2020-02-02 00:33:52 status unpacked libk5crypto3:amd64 1.15-1+deb9u1
2020-02-02 00:33:52 status unpacked libk5crypto3:amd64 1.15-1+deb9u1
2020-02-02 00:33:52 install libkrb5-3:amd64 <none> 1.15-1+deb9u1
2020-02-02 00:33:52 status half-installed libkrb5-3:amd64 1.15-1+deb9u1
2020-02-02 00:33:52 status unpacked libkrb5-3:amd64 1.15-1+deb9u1
2020-02-02 00:33:52 status unpacked libkrb5-3:amd64 1.15-1+deb9u1
2020-02-02 00:33:52 install libgssapi-krb5-2:amd64 <none> 1.15-1+deb9u1
2020-02-02 00:33:52 status half-installed libgssapi-krb5-2:amd64 1.15-1+deb9u1
2020-02-02 00:33:52 status unpacked libgssapi-krb5-2:amd64 1.15-1+deb9u1
2020-02-02 00:33:52 status unpacked libgssapi-krb5-2:amd64 1.15-1+deb9u1
2020-02-02 00:33:52 install libsasl2-modules-db:amd64 <none> 2.1.27~101-g0780600+dfsg-3+deb9u1
2020-02-02 00:33:52 status half-installed libsasl2-modules-db:amd64 2.1.27~101-g0780600+dfsg-3+deb9u1
2020-02-02 00:33:52 status unpacked libsasl2-modules-db:amd64 2.1.27~101-g0780600+dfsg-3+deb9u1
2020-02-02 00:33:52 status unpacked libsasl2-modules-db:amd64 2.1.27~101-g0780600+dfsg-3+deb9u1
2020-02-02 00:33:52 install libsasl2-2:amd64 <none> 2.1.27~101-g0780600+dfsg-3+deb9u1
2020-02-02 00:33:52 status half-installed libsasl2-2:amd64 2.1.27~101-g0780600+dfsg-3+deb9u1
2020-02-02 00:33:52 status unpacked libsasl2-2:amd64 2.1.27~101-g0780600+dfsg-3+deb9u1
2020-02-02 00:33:52 status unpacked libsasl2-2:amd64 2.1.27~101-g0780600+dfsg-3+deb9u1
2020-02-02 00:33:52 install libldap-common:all <none> 2.4.44+dfsg-5+deb9u3
2020-02-02 00:33:52 status half-installed libldap-common:all 2.4.44+dfsg-5+deb9u3
2020-02-02 00:33:52 status unpacked libldap-common:all 2.4.44+dfsg-5+deb9u3
2020-02-02 00:33:52 status unpacked libldap-common:all 2.4.44+dfsg-5+deb9u3
2020-02-02 00:33:52 install libldap-2.4-2:amd64 <none> 2.4.44+dfsg-5+deb9u3
2020-02-02 00:33:52 status half-installed libldap-2.4-2:amd64 2.4.44+dfsg-5+deb9u3
2020-02-02 00:33:52 status unpacked libldap-2.4-2:amd64 2.4.44+dfsg-5+deb9u3
2020-02-02 00:33:52 status unpacked libldap-2.4-2:amd64 2.4.44+dfsg-5+deb9u3
2020-02-02 00:33:52 install openssl:amd64 <none> 1.1.0l-1~deb9u1
2020-02-02 00:33:52 status half-installed openssl:amd64 1.1.0l-1~deb9u1
2020-02-02 00:33:53 status unpacked openssl:amd64 1.1.0l-1~deb9u1
2020-02-02 00:33:53 status unpacked openssl:amd64 1.1.0l-1~deb9u1
2020-02-02 00:33:53 install ca-certificates:all <none> 20161130+nmu1+deb9u1
2020-02-02 00:33:53 status half-installed ca-certificates:all 20161130+nmu1+deb9u1
2020-02-02 00:33:53 status unpacked ca-certificates:all 20161130+nmu1+deb9u1
2020-02-02 00:33:53 status unpacked ca-certificates:all 20161130+nmu1+deb9u1
2020-02-02 00:33:53 install libnghttp2-14:amd64 <none> 1.18.1-1+deb9u1
2020-02-02 00:33:53 status half-installed libnghttp2-14:amd64 1.18.1-1+deb9u1
2020-02-02 00:33:53 status unpacked libnghttp2-14:amd64 1.18.1-1+deb9u1
2020-02-02 00:33:53 status unpacked libnghttp2-14:amd64 1.18.1-1+deb9u1
2020-02-02 00:33:53 install librtmp1:amd64 <none> 2.4+20151223.gitfa8646d.1-1+b1
2020-02-02 00:33:53 status half-installed librtmp1:amd64 2.4+20151223.gitfa8646d.1-1+b1
2020-02-02 00:33:53 status unpacked librtmp1:amd64 2.4+20151223.gitfa8646d.1-1+b1
2020-02-02 00:33:53 status unpacked librtmp1:amd64 2.4+20151223.gitfa8646d.1-1+b1
2020-02-02 00:33:53 install libssh2-1:amd64 <none> 1.7.0-1+deb9u1
2020-02-02 00:33:53 status half-installed libssh2-1:amd64 1.7.0-1+deb9u1
2020-02-02 00:33:53 status unpacked libssh2-1:amd64 1.7.0-1+deb9u1
2020-02-02 00:33:53 status unpacked libssh2-1:amd64 1.7.0-1+deb9u1
2020-02-02 00:33:53 install libcurl3:amd64 <none> 7.52.1-5+deb9u9
2020-02-02 00:33:53 status half-installed libcurl3:amd64 7.52.1-5+deb9u9
2020-02-02 00:33:53 status unpacked libcurl3:amd64 7.52.1-5+deb9u9
2020-02-02 00:33:53 status unpacked libcurl3:amd64 7.52.1-5+deb9u9
2020-02-02 00:33:53 install curl:amd64 <none> 7.52.1-5+deb9u9
2020-02-02 00:33:53 status half-installed curl:amd64 7.52.1-5+deb9u9
2020-02-02 00:33:53 status unpacked curl:amd64 7.52.1-5+deb9u9
2020-02-02 00:33:53 status unpacked curl:amd64 7.52.1-5+deb9u9
2020-02-02 00:33:53 startup packages configure
2020-02-02 00:33:53 configure libnghttp2-14:amd64 1.18.1-1+deb9u1 <none>
2020-02-02 00:33:53 status unpacked libnghttp2-14:amd64 1.18.1-1+deb9u1
2020-02-02 00:33:53 status half-configured libnghttp2-14:amd64 1.18.1-1+deb9u1
2020-02-02 00:33:53 status installed libnghttp2-14:amd64 1.18.1-1+deb9u1
2020-02-02 00:33:53 configure libldap-common:all 2.4.44+dfsg-5+deb9u3 <none>
2020-02-02 00:33:53 status unpacked libldap-common:all 2.4.44+dfsg-5+deb9u3
2020-02-02 00:33:53 status unpacked libldap-common:all 2.4.44+dfsg-5+deb9u3
2020-02-02 00:33:53 status half-configured libldap-common:all 2.4.44+dfsg-5+deb9u3
2020-02-02 00:33:53 status installed libldap-common:all 2.4.44+dfsg-5+deb9u3
2020-02-02 00:33:53 configure libsasl2-modules-db:amd64 2.1.27~101-g0780600+dfsg-3+deb9u1 <none>
2020-02-02 00:33:53 status unpacked libsasl2-modules-db:amd64 2.1.27~101-g0780600+dfsg-3+deb9u1
2020-02-02 00:33:53 status half-configured libsasl2-modules-db:amd64 2.1.27~101-g0780600+dfsg-3+deb9u1
2020-02-02 00:33:53 status installed libsasl2-modules-db:amd64 2.1.27~101-g0780600+dfsg-3+deb9u1
2020-02-02 00:33:53 configure libsasl2-2:amd64 2.1.27~101-g0780600+dfsg-3+deb9u1 <none>
2020-02-02 00:33:53 status unpacked libsasl2-2:amd64 2.1.27~101-g0780600+dfsg-3+deb9u1
2020-02-02 00:33:53 status half-configured libsasl2-2:amd64 2.1.27~101-g0780600+dfsg-3+deb9u1
2020-02-02 00:33:53 status installed libsasl2-2:amd64 2.1.27~101-g0780600+dfsg-3+deb9u1
2020-02-02 00:33:53 configure libtasn1-6:amd64 4.10-1.1+deb9u1 <none>
2020-02-02 00:33:53 status unpacked libtasn1-6:amd64 4.10-1.1+deb9u1
2020-02-02 00:33:53 status half-configured libtasn1-6:amd64 4.10-1.1+deb9u1
2020-02-02 00:33:53 status installed libtasn1-6:amd64 4.10-1.1+deb9u1
2020-02-02 00:33:53 configure libssl1.0.2:amd64 1.0.2u-1~deb9u1 <none>
2020-02-02 00:33:53 status unpacked libssl1.0.2:amd64 1.0.2u-1~deb9u1
2020-02-02 00:33:53 status half-configured libssl1.0.2:amd64 1.0.2u-1~deb9u1
2020-02-02 00:33:53 status installed libssl1.0.2:amd64 1.0.2u-1~deb9u1
2020-02-02 00:33:53 configure libgmp10:amd64 2:6.1.2+dfsg-1 <none>
2020-02-02 00:33:53 status unpacked libgmp10:amd64 2:6.1.2+dfsg-1
2020-02-02 00:33:53 status half-configured libgmp10:amd64 2:6.1.2+dfsg-1
2020-02-02 00:33:53 status installed libgmp10:amd64 2:6.1.2+dfsg-1
2020-02-02 00:33:53 configure libssh2-1:amd64 1.7.0-1+deb9u1 <none>
2020-02-02 00:33:53 status unpacked libssh2-1:amd64 1.7.0-1+deb9u1
2020-02-02 00:33:53 status half-configured libssh2-1:amd64 1.7.0-1+deb9u1
2020-02-02 00:33:53 status installed libssh2-1:amd64 1.7.0-1+deb9u1
2020-02-02 00:33:53 trigproc libc-bin:amd64 2.24-11+deb9u4 <none>
2020-02-02 00:33:53 status half-configured libc-bin:amd64 2.24-11+deb9u4
2020-02-02 00:33:53 status installed libc-bin:amd64 2.24-11+deb9u4
2020-02-02 00:33:53 configure libunistring0:amd64 0.9.6+really0.9.3-0.1 <none>
2020-02-02 00:33:53 status triggers-pending libc-bin:amd64 2.24-11+deb9u4
2020-02-02 00:33:53 status unpacked libunistring0:amd64 0.9.6+really0.9.3-0.1
2020-02-02 00:33:53 status half-configured libunistring0:amd64 0.9.6+really0.9.3-0.1
2020-02-02 00:33:53 status installed libunistring0:amd64 0.9.6+really0.9.3-0.1
2020-02-02 00:33:53 configure libssl1.1:amd64 1.1.0l-1~deb9u1 <none>
2020-02-02 00:33:53 status unpacked libssl1.1:amd64 1.1.0l-1~deb9u1
2020-02-02 00:33:53 status half-configured libssl1.1:amd64 1.1.0l-1~deb9u1
2020-02-02 00:33:53 status installed libssl1.1:amd64 1.1.0l-1~deb9u1
2020-02-02 00:33:53 configure openssl:amd64 1.1.0l-1~deb9u1 <none>
2020-02-02 00:33:53 status unpacked openssl:amd64 1.1.0l-1~deb9u1
2020-02-02 00:33:53 status unpacked openssl:amd64 1.1.0l-1~deb9u1
2020-02-02 00:33:53 status half-configured openssl:amd64 1.1.0l-1~deb9u1
2020-02-02 00:33:53 status installed openssl:amd64 1.1.0l-1~deb9u1
2020-02-02 00:33:53 configure libffi6:amd64 3.2.1-6 <none>
2020-02-02 00:33:53 status unpacked libffi6:amd64 3.2.1-6
2020-02-02 00:33:53 status half-configured libffi6:amd64 3.2.1-6
2020-02-02 00:33:53 status installed libffi6:amd64 3.2.1-6
2020-02-02 00:33:53 configure libkeyutils1:amd64 1.5.9-9 <none>
2020-02-02 00:33:53 status unpacked libkeyutils1:amd64 1.5.9-9
2020-02-02 00:33:53 status half-configured libkeyutils1:amd64 1.5.9-9
2020-02-02 00:33:53 status installed libkeyutils1:amd64 1.5.9-9
2020-02-02 00:33:53 configure ca-certificates:all 20161130+nmu1+deb9u1 <none>
2020-02-02 00:33:53 status unpacked ca-certificates:all 20161130+nmu1+deb9u1
2020-02-02 00:33:53 status half-configured ca-certificates:all 20161130+nmu1+deb9u1
2020-02-02 00:33:56 status installed ca-certificates:all 20161130+nmu1+deb9u1
2020-02-02 00:33:56 status triggers-pending ca-certificates:all 20161130+nmu1+deb9u1
2020-02-02 00:33:56 configure netbase:all 5.4 <none>
2020-02-02 00:33:56 status unpacked netbase:all 5.4
2020-02-02 00:33:56 status unpacked netbase:all 5.4
2020-02-02 00:33:56 status unpacked netbase:all 5.4
2020-02-02 00:33:56 status unpacked netbase:all 5.4
2020-02-02 00:33:56 status half-configured netbase:all 5.4
2020-02-02 00:33:56 status installed netbase:all 5.4
2020-02-02 00:33:56 configure libidn2-0:amd64 0.16-1+deb9u1 <none>
2020-02-02 00:33:56 status unpacked libidn2-0:amd64 0.16-1+deb9u1
2020-02-02 00:33:56 status half-configured libidn2-0:amd64 0.16-1+deb9u1
2020-02-02 00:33:56 status installed libidn2-0:amd64 0.16-1+deb9u1
2020-02-02 00:33:56 configure libpsl5:amd64 0.17.0-3 <none>
2020-02-02 00:33:56 status unpacked libpsl5:amd64 0.17.0-3
2020-02-02 00:33:56 status half-configured libpsl5:amd64 0.17.0-3
2020-02-02 00:33:56 status installed libpsl5:amd64 0.17.0-3
2020-02-02 00:33:56 configure libkrb5support0:amd64 1.15-1+deb9u1 <none>
2020-02-02 00:33:56 status unpacked libkrb5support0:amd64 1.15-1+deb9u1
2020-02-02 00:33:56 status half-configured libkrb5support0:amd64 1.15-1+deb9u1
2020-02-02 00:33:56 status installed libkrb5support0:amd64 1.15-1+deb9u1
2020-02-02 00:33:56 configure libhogweed4:amd64 3.3-1+b2 <none>
2020-02-02 00:33:56 status unpacked libhogweed4:amd64 3.3-1+b2
2020-02-02 00:33:56 status half-configured libhogweed4:amd64 3.3-1+b2
2020-02-02 00:33:56 status installed libhogweed4:amd64 3.3-1+b2
2020-02-02 00:33:56 configure libp11-kit0:amd64 0.23.3-2 <none>
2020-02-02 00:33:56 status unpacked libp11-kit0:amd64 0.23.3-2
2020-02-02 00:33:56 status half-configured libp11-kit0:amd64 0.23.3-2
2020-02-02 00:33:56 status installed libp11-kit0:amd64 0.23.3-2
2020-02-02 00:33:56 configure libk5crypto3:amd64 1.15-1+deb9u1 <none>
2020-02-02 00:33:56 status unpacked libk5crypto3:amd64 1.15-1+deb9u1
2020-02-02 00:33:56 status half-configured libk5crypto3:amd64 1.15-1+deb9u1
2020-02-02 00:33:56 status installed libk5crypto3:amd64 1.15-1+deb9u1
2020-02-02 00:33:56 configure libgnutls30:amd64 3.5.8-5+deb9u4 <none>
2020-02-02 00:33:56 status unpacked libgnutls30:amd64 3.5.8-5+deb9u4
2020-02-02 00:33:56 status half-configured libgnutls30:amd64 3.5.8-5+deb9u4
2020-02-02 00:33:56 status installed libgnutls30:amd64 3.5.8-5+deb9u4
2020-02-02 00:33:56 configure librtmp1:amd64 2.4+20151223.gitfa8646d.1-1+b1 <none>
2020-02-02 00:33:56 status unpacked librtmp1:amd64 2.4+20151223.gitfa8646d.1-1+b1
2020-02-02 00:33:56 status half-configured librtmp1:amd64 2.4+20151223.gitfa8646d.1-1+b1
2020-02-02 00:33:56 status installed librtmp1:amd64 2.4+20151223.gitfa8646d.1-1+b1
2020-02-02 00:33:56 configure libldap-2.4-2:amd64 2.4.44+dfsg-5+deb9u3 <none>
2020-02-02 00:33:56 status unpacked libldap-2.4-2:amd64 2.4.44+dfsg-5+deb9u3
2020-02-02 00:33:56 status half-configured libldap-2.4-2:amd64 2.4.44+dfsg-5+deb9u3
2020-02-02 00:33:56 status installed libldap-2.4-2:amd64 2.4.44+dfsg-5+deb9u3
2020-02-02 00:33:56 configure wget:amd64 1.18-5+deb9u3 <none>
2020-02-02 00:33:56 status unpacked wget:amd64 1.18-5+deb9u3
2020-02-02 00:33:56 status unpacked wget:amd64 1.18-5+deb9u3
2020-02-02 00:33:56 status half-configured wget:amd64 1.18-5+deb9u3
2020-02-02 00:33:56 status installed wget:amd64 1.18-5+deb9u3
2020-02-02 00:33:56 configure libkrb5-3:amd64 1.15-1+deb9u1 <none>
2020-02-02 00:33:56 status unpacked libkrb5-3:amd64 1.15-1+deb9u1
2020-02-02 00:33:56 status half-configured libkrb5-3:amd64 1.15-1+deb9u1
2020-02-02 00:33:56 status installed libkrb5-3:amd64 1.15-1+deb9u1
2020-02-02 00:33:56 configure libgssapi-krb5-2:amd64 1.15-1+deb9u1 <none>
2020-02-02 00:33:56 status unpacked libgssapi-krb5-2:amd64 1.15-1+deb9u1
2020-02-02 00:33:56 status unpacked libgssapi-krb5-2:amd64 1.15-1+deb9u1
2020-02-02 00:33:56 status half-configured libgssapi-krb5-2:amd64 1.15-1+deb9u1
2020-02-02 00:33:56 status installed libgssapi-krb5-2:amd64 1.15-1+deb9u1
2020-02-02 00:33:56 configure libcurl3:amd64 7.52.1-5+deb9u9 <none>
2020-02-02 00:33:56 status unpacked libcurl3:amd64 7.52.1-5+deb9u9
2020-02-02 00:33:56 status half-configured libcurl3:amd64 7.52.1-5+deb9u9
2020-02-02 00:33:56 status installed libcurl3:amd64 7.52.1-5+deb9u9
2020-02-02 00:33:56 configure curl:amd64 7.52.1-5+deb9u9 <none>
2020-02-02 00:33:56 status unpacked curl:amd64 7.52.1-5+deb9u9
2020-02-02 00:33:56 status half-configured curl:amd64 7.52.1-5+deb9u9
2020-02-02 00:33:56 status installed curl:amd64 7.52.1-5+deb9u9
2020-02-02 00:33:56 trigproc libc-bin:amd64 2.24-11+deb9u4 <none>
2020-02-02 00:33:56 status half-configured libc-bin:amd64 2.24-11+deb9u4
2020-02-02 00:33:56 status installed libc-bin:amd64 2.24-11+deb9u4
2020-02-02 00:33:56 trigproc ca-certificates:all 20161130+nmu1+deb9u1 <none>
2020-02-02 00:33:56 status half-configured ca-certificates:all 20161130+nmu1+deb9u1
2020-02-02 00:33:56 status installed ca-certificates:all 20161130+nmu1+deb9u1
2020-02-02 00:34:01 startup archives unpack
2020-02-02 00:34:01 install libassuan0:amd64 <none> 2.4.3-2
2020-02-02 00:34:01 status triggers-pending libc-bin:amd64 2.24-11+deb9u4
2020-02-02 00:34:01 status half-installed libassuan0:amd64 2.4.3-2
2020-02-02 00:34:01 status unpacked libassuan0:amd64 2.4.3-2
2020-02-02 00:34:01 status unpacked libassuan0:amd64 2.4.3-2
2020-02-02 00:34:01 install pinentry-curses:amd64 <none> 1.0.0-2
2020-02-02 00:34:01 status half-installed pinentry-curses:amd64 1.0.0-2
2020-02-02 00:34:01 status unpacked pinentry-curses:amd64 1.0.0-2
2020-02-02 00:34:01 status unpacked pinentry-curses:amd64 1.0.0-2
2020-02-02 00:34:01 install libnpth0:amd64 <none> 1.3-1
2020-02-02 00:34:01 status half-installed libnpth0:amd64 1.3-1
2020-02-02 00:34:01 status unpacked libnpth0:amd64 1.3-1
2020-02-02 00:34:01 status unpacked libnpth0:amd64 1.3-1
2020-02-02 00:34:01 install readline-common:all <none> 7.0-3
2020-02-02 00:34:01 status half-installed readline-common:all 7.0-3
2020-02-02 00:34:01 status unpacked readline-common:all 7.0-3
2020-02-02 00:34:01 status unpacked readline-common:all 7.0-3
2020-02-02 00:34:01 install libreadline7:amd64 <none> 7.0-3
2020-02-02 00:34:01 status half-installed libreadline7:amd64 7.0-3
2020-02-02 00:34:01 status unpacked libreadline7:amd64 7.0-3
2020-02-02 00:34:01 status unpacked libreadline7:amd64 7.0-3
2020-02-02 00:34:01 install gnupg-agent:amd64 <none> 2.1.18-8~deb9u4
2020-02-02 00:34:01 status half-installed gnupg-agent:amd64 2.1.18-8~deb9u4
2020-02-02 00:34:01 status unpacked gnupg-agent:amd64 2.1.18-8~deb9u4
2020-02-02 00:34:01 status unpacked gnupg-agent:amd64 2.1.18-8~deb9u4
2020-02-02 00:34:01 install libksba8:amd64 <none> 1.3.5-2
2020-02-02 00:34:01 status half-installed libksba8:amd64 1.3.5-2
2020-02-02 00:34:01 status unpacked libksba8:amd64 1.3.5-2
2020-02-02 00:34:01 status unpacked libksba8:amd64 1.3.5-2
2020-02-02 00:34:01 install libsqlite3-0:amd64 <none> 3.16.2-5+deb9u1
2020-02-02 00:34:01 status half-installed libsqlite3-0:amd64 3.16.2-5+deb9u1
2020-02-02 00:34:01 status unpacked libsqlite3-0:amd64 3.16.2-5+deb9u1
2020-02-02 00:34:01 status unpacked libsqlite3-0:amd64 3.16.2-5+deb9u1
2020-02-02 00:34:01 install gnupg:amd64 <none> 2.1.18-8~deb9u4
2020-02-02 00:34:01 status half-installed gnupg:amd64 2.1.18-8~deb9u4
2020-02-02 00:34:01 status unpacked gnupg:amd64 2.1.18-8~deb9u4
2020-02-02 00:34:01 status unpacked gnupg:amd64 2.1.18-8~deb9u4
2020-02-02 00:34:01 install dirmngr:amd64 <none> 2.1.18-8~deb9u4
2020-02-02 00:34:01 status half-installed dirmngr:amd64 2.1.18-8~deb9u4
2020-02-02 00:34:01 status unpacked dirmngr:amd64 2.1.18-8~deb9u4
2020-02-02 00:34:01 status unpacked dirmngr:amd64 2.1.18-8~deb9u4
2020-02-02 00:34:01 startup packages configure
2020-02-02 00:34:01 configure libnpth0:amd64 1.3-1 <none>
2020-02-02 00:34:01 status unpacked libnpth0:amd64 1.3-1
2020-02-02 00:34:01 status half-configured libnpth0:amd64 1.3-1
2020-02-02 00:34:01 status installed libnpth0:amd64 1.3-1
2020-02-02 00:34:01 configure readline-common:all 7.0-3 <none>
2020-02-02 00:34:01 status unpacked readline-common:all 7.0-3
2020-02-02 00:34:01 status half-configured readline-common:all 7.0-3
2020-02-02 00:34:01 status installed readline-common:all 7.0-3
2020-02-02 00:34:01 configure libreadline7:amd64 7.0-3 <none>
2020-02-02 00:34:01 status unpacked libreadline7:amd64 7.0-3
2020-02-02 00:34:01 status half-configured libreadline7:amd64 7.0-3
2020-02-02 00:34:01 status installed libreadline7:amd64 7.0-3
2020-02-02 00:34:01 configure libksba8:amd64 1.3.5-2 <none>
2020-02-02 00:34:01 status unpacked libksba8:amd64 1.3.5-2
2020-02-02 00:34:01 status half-configured libksba8:amd64 1.3.5-2
2020-02-02 00:34:01 status installed libksba8:amd64 1.3.5-2
2020-02-02 00:34:01 trigproc libc-bin:amd64 2.24-11+deb9u4 <none>
2020-02-02 00:34:01 status half-configured libc-bin:amd64 2.24-11+deb9u4
2020-02-02 00:34:01 status installed libc-bin:amd64 2.24-11+deb9u4
2020-02-02 00:34:01 configure libsqlite3-0:amd64 3.16.2-5+deb9u1 <none>
2020-02-02 00:34:01 status triggers-pending libc-bin:amd64 2.24-11+deb9u4
2020-02-02 00:34:01 status unpacked libsqlite3-0:amd64 3.16.2-5+deb9u1
2020-02-02 00:34:01 status half-configured libsqlite3-0:amd64 3.16.2-5+deb9u1
2020-02-02 00:34:01 status installed libsqlite3-0:amd64 3.16.2-5+deb9u1
2020-02-02 00:34:01 configure libassuan0:amd64 2.4.3-2 <none>
2020-02-02 00:34:01 status unpacked libassuan0:amd64 2.4.3-2
2020-02-02 00:34:01 status half-configured libassuan0:amd64 2.4.3-2
2020-02-02 00:34:01 status installed libassuan0:amd64 2.4.3-2
2020-02-02 00:34:01 configure pinentry-curses:amd64 1.0.0-2 <none>
2020-02-02 00:34:01 status unpacked pinentry-curses:amd64 1.0.0-2
2020-02-02 00:34:01 status half-configured pinentry-curses:amd64 1.0.0-2
2020-02-02 00:34:01 status installed pinentry-curses:amd64 1.0.0-2
2020-02-02 00:34:01 configure gnupg-agent:amd64 2.1.18-8~deb9u4 <none>
2020-02-02 00:34:01 status unpacked gnupg-agent:amd64 2.1.18-8~deb9u4
2020-02-02 00:34:02 status unpacked gnupg-agent:amd64 2.1.18-8~deb9u4
2020-02-02 00:34:02 status half-configured gnupg-agent:amd64 2.1.18-8~deb9u4
2020-02-02 00:34:02 status installed gnupg-agent:amd64 2.1.18-8~deb9u4
2020-02-02 00:34:02 configure dirmngr:amd64 2.1.18-8~deb9u4 <none>
2020-02-02 00:34:02 status unpacked dirmngr:amd64 2.1.18-8~deb9u4
2020-02-02 00:34:02 status half-configured dirmngr:amd64 2.1.18-8~deb9u4
2020-02-02 00:34:02 status installed dirmngr:amd64 2.1.18-8~deb9u4
2020-02-02 00:34:02 configure gnupg:amd64 2.1.18-8~deb9u4 <none>
2020-02-02 00:34:02 status unpacked gnupg:amd64 2.1.18-8~deb9u4
2020-02-02 00:34:02 status half-configured gnupg:amd64 2.1.18-8~deb9u4
2020-02-02 00:34:02 status installed gnupg:amd64 2.1.18-8~deb9u4
2020-02-02 00:34:02 trigproc libc-bin:amd64 2.24-11+deb9u4 <none>
2020-02-02 00:34:02 status half-configured libc-bin:amd64 2.24-11+deb9u4
2020-02-02 00:34:02 status installed libc-bin:amd64 2.24-11+deb9u4
2020-02-02 00:34:14 startup archives unpack
2020-02-02 00:34:14 install perl-modules-5.24:all <none> 5.24.1-3+deb9u5
2020-02-02 00:34:14 status half-installed perl-modules-5.24:all 5.24.1-3+deb9u5
2020-02-02 00:34:16 status unpacked perl-modules-5.24:all 5.24.1-3+deb9u5
2020-02-02 00:34:16 status unpacked perl-modules-5.24:all 5.24.1-3+deb9u5
2020-02-02 00:34:16 install libgdbm3:amd64 <none> 1.8.3-14
2020-02-02 00:34:16 status triggers-pending libc-bin:amd64 2.24-11+deb9u4
2020-02-02 00:34:16 status half-installed libgdbm3:amd64 1.8.3-14
2020-02-02 00:34:16 status unpacked libgdbm3:amd64 1.8.3-14
2020-02-02 00:34:16 status unpacked libgdbm3:amd64 1.8.3-14
2020-02-02 00:34:16 install libperl5.24:amd64 <none> 5.24.1-3+deb9u5
2020-02-02 00:34:16 status half-installed libperl5.24:amd64 5.24.1-3+deb9u5
2020-02-02 00:34:17 status unpacked libperl5.24:amd64 5.24.1-3+deb9u5
2020-02-02 00:34:17 status unpacked libperl5.24:amd64 5.24.1-3+deb9u5
2020-02-02 00:34:17 install perl:amd64 <none> 5.24.1-3+deb9u5
2020-02-02 00:34:17 status half-installed perl:amd64 5.24.1-3+deb9u5
2020-02-02 00:34:17 status unpacked perl:amd64 5.24.1-3+deb9u5
2020-02-02 00:34:17 status unpacked perl:amd64 5.24.1-3+deb9u5
2020-02-02 00:34:17 install libpython2.7-minimal:amd64 <none> 2.7.13-2+deb9u3
2020-02-02 00:34:17 status half-installed libpython2.7-minimal:amd64 2.7.13-2+deb9u3
2020-02-02 00:34:17 status unpacked libpython2.7-minimal:amd64 2.7.13-2+deb9u3
2020-02-02 00:34:17 status unpacked libpython2.7-minimal:amd64 2.7.13-2+deb9u3
2020-02-02 00:34:17 install python2.7-minimal:amd64 <none> 2.7.13-2+deb9u3
2020-02-02 00:34:17 status half-installed python2.7-minimal:amd64 2.7.13-2+deb9u3
2020-02-02 00:34:17 status unpacked python2.7-minimal:amd64 2.7.13-2+deb9u3
2020-02-02 00:34:17 status unpacked python2.7-minimal:amd64 2.7.13-2+deb9u3
2020-02-02 00:34:17 install python-minimal:amd64 <none> 2.7.13-2
2020-02-02 00:34:17 status half-installed python-minimal:amd64 2.7.13-2
2020-02-02 00:34:17 status unpacked python-minimal:amd64 2.7.13-2
2020-02-02 00:34:17 status unpacked python-minimal:amd64 2.7.13-2
2020-02-02 00:34:17 install mime-support:all <none> 3.60
2020-02-02 00:34:17 status half-installed mime-support:all 3.60
2020-02-02 00:34:17 status unpacked mime-support:all 3.60
2020-02-02 00:34:17 status unpacked mime-support:all 3.60
2020-02-02 00:34:17 install libexpat1:amd64 <none> 2.2.0-2+deb9u3
2020-02-02 00:34:17 status half-installed libexpat1:amd64 2.2.0-2+deb9u3
2020-02-02 00:34:17 status unpacked libexpat1:amd64 2.2.0-2+deb9u3
2020-02-02 00:34:17 status unpacked libexpat1:amd64 2.2.0-2+deb9u3
2020-02-02 00:34:17 install libpython2.7-stdlib:amd64 <none> 2.7.13-2+deb9u3
2020-02-02 00:34:17 status half-installed libpython2.7-stdlib:amd64 2.7.13-2+deb9u3
2020-02-02 00:34:17 status unpacked libpython2.7-stdlib:amd64 2.7.13-2+deb9u3
2020-02-02 00:34:17 status unpacked libpython2.7-stdlib:amd64 2.7.13-2+deb9u3
2020-02-02 00:34:17 install python2.7:amd64 <none> 2.7.13-2+deb9u3
2020-02-02 00:34:17 status half-installed python2.7:amd64 2.7.13-2+deb9u3
2020-02-02 00:34:17 status unpacked python2.7:amd64 2.7.13-2+deb9u3
2020-02-02 00:34:17 status unpacked python2.7:amd64 2.7.13-2+deb9u3
2020-02-02 00:34:17 install libpython-stdlib:amd64 <none> 2.7.13-2
2020-02-02 00:34:17 status half-installed libpython-stdlib:amd64 2.7.13-2
2020-02-02 00:34:17 status unpacked libpython-stdlib:amd64 2.7.13-2
2020-02-02 00:34:17 status unpacked libpython-stdlib:amd64 2.7.13-2
2020-02-02 00:34:17 startup packages configure
2020-02-02 00:34:17 configure libpython2.7-minimal:amd64 2.7.13-2+deb9u3 <none>
2020-02-02 00:34:17 status unpacked libpython2.7-minimal:amd64 2.7.13-2+deb9u3
2020-02-02 00:34:17 status unpacked libpython2.7-minimal:amd64 2.7.13-2+deb9u3
2020-02-02 00:34:17 status half-configured libpython2.7-minimal:amd64 2.7.13-2+deb9u3
2020-02-02 00:34:17 status installed libpython2.7-minimal:amd64 2.7.13-2+deb9u3
2020-02-02 00:34:17 configure python2.7-minimal:amd64 2.7.13-2+deb9u3 <none>
2020-02-02 00:34:17 status unpacked python2.7-minimal:amd64 2.7.13-2+deb9u3
2020-02-02 00:34:17 status half-configured python2.7-minimal:amd64 2.7.13-2+deb9u3
2020-02-02 00:34:18 status installed python2.7-minimal:amd64 2.7.13-2+deb9u3
2020-02-02 00:34:18 configure python-minimal:amd64 2.7.13-2 <none>
2020-02-02 00:34:18 status unpacked python-minimal:amd64 2.7.13-2
2020-02-02 00:34:18 status half-configured python-minimal:amd64 2.7.13-2
2020-02-02 00:34:18 status installed python-minimal:amd64 2.7.13-2
2020-02-02 00:34:18 startup archives unpack
2020-02-02 00:34:18 install python:amd64 <none> 2.7.13-2
2020-02-02 00:34:18 status half-installed python:amd64 2.7.13-2
2020-02-02 00:34:18 status unpacked python:amd64 2.7.13-2
2020-02-02 00:34:18 status unpacked python:amd64 2.7.13-2
2020-02-02 00:34:18 install libcurl3-gnutls:amd64 <none> 7.52.1-5+deb9u9
2020-02-02 00:34:18 status half-installed libcurl3-gnutls:amd64 7.52.1-5+deb9u9
2020-02-02 00:34:18 status unpacked libcurl3-gnutls:amd64 7.52.1-5+deb9u9
2020-02-02 00:34:18 status unpacked libcurl3-gnutls:amd64 7.52.1-5+deb9u9
2020-02-02 00:34:18 install liberror-perl:all <none> 0.17024-1
2020-02-02 00:34:18 status half-installed liberror-perl:all 0.17024-1
2020-02-02 00:34:18 status unpacked liberror-perl:all 0.17024-1
2020-02-02 00:34:18 status unpacked liberror-perl:all 0.17024-1
2020-02-02 00:34:18 install git-man:all <none> 1:2.11.0-3+deb9u5
2020-02-02 00:34:18 status half-installed git-man:all 1:2.11.0-3+deb9u5
2020-02-02 00:34:18 status unpacked git-man:all 1:2.11.0-3+deb9u5
2020-02-02 00:34:18 status unpacked git-man:all 1:2.11.0-3+deb9u5
2020-02-02 00:34:18 install git:amd64 <none> 1:2.11.0-3+deb9u5
2020-02-02 00:34:18 status half-installed git:amd64 1:2.11.0-3+deb9u5
2020-02-02 00:34:19 status unpacked git:amd64 1:2.11.0-3+deb9u5
2020-02-02 00:34:19 status unpacked git:amd64 1:2.11.0-3+deb9u5
2020-02-02 00:34:19 install libprocps6:amd64 <none> 2:3.3.12-3+deb9u1
2020-02-02 00:34:19 status half-installed libprocps6:amd64 2:3.3.12-3+deb9u1
2020-02-02 00:34:19 status unpacked libprocps6:amd64 2:3.3.12-3+deb9u1
2020-02-02 00:34:19 status unpacked libprocps6:amd64 2:3.3.12-3+deb9u1
2020-02-02 00:34:19 install libncurses5:amd64 <none> 6.0+20161126-1+deb9u2
2020-02-02 00:34:19 status half-installed libncurses5:amd64 6.0+20161126-1+deb9u2
2020-02-02 00:34:19 status unpacked libncurses5:amd64 6.0+20161126-1+deb9u2
2020-02-02 00:34:19 status unpacked libncurses5:amd64 6.0+20161126-1+deb9u2
2020-02-02 00:34:19 install procps:amd64 <none> 2:3.3.12-3+deb9u1
2020-02-02 00:34:19 status half-installed procps:amd64 2:3.3.12-3+deb9u1
2020-02-02 00:34:19 status unpacked procps:amd64 2:3.3.12-3+deb9u1
2020-02-02 00:34:19 status unpacked procps:amd64 2:3.3.12-3+deb9u1
2020-02-02 00:34:19 install libbsd0:amd64 <none> 0.8.3-1
2020-02-02 00:34:19 status half-installed libbsd0:amd64 0.8.3-1
2020-02-02 00:34:19 status unpacked libbsd0:amd64 0.8.3-1
2020-02-02 00:34:19 status unpacked libbsd0:amd64 0.8.3-1
2020-02-02 00:34:19 install libedit2:amd64 <none> 3.1-20160903-3
2020-02-02 00:34:19 status half-installed libedit2:amd64 3.1-20160903-3
2020-02-02 00:34:19 status unpacked libedit2:amd64 3.1-20160903-3
2020-02-02 00:34:19 status unpacked libedit2:amd64 3.1-20160903-3
2020-02-02 00:34:19 install openssh-client:amd64 <none> 1:7.4p1-10+deb9u7
2020-02-02 00:34:19 status half-installed openssh-client:amd64 1:7.4p1-10+deb9u7
2020-02-02 00:34:19 status unpacked openssh-client:amd64 1:7.4p1-10+deb9u7
2020-02-02 00:34:19 status unpacked openssh-client:amd64 1:7.4p1-10+deb9u7
2020-02-02 00:34:19 install ucf:all <none> 3.0036
2020-02-02 00:34:19 status half-installed ucf:all 3.0036
2020-02-02 00:34:19 status unpacked ucf:all 3.0036
2020-02-02 00:34:19 status unpacked ucf:all 3.0036
2020-02-02 00:34:19 install python-six:all <none> 1.10.0-3
2020-02-02 00:34:19 status half-installed python-six:all 1.10.0-3
2020-02-02 00:34:19 status unpacked python-six:all 1.10.0-3
2020-02-02 00:34:19 status unpacked python-six:all 1.10.0-3
2020-02-02 00:34:19 install python-configobj:all <none> 5.0.6-2
2020-02-02 00:34:19 status half-installed python-configobj:all 5.0.6-2
2020-02-02 00:34:19 status unpacked python-configobj:all 5.0.6-2
2020-02-02 00:34:19 status unpacked python-configobj:all 5.0.6-2
2020-02-02 00:34:19 install python-bzrlib:amd64 <none> 2.7.0+bzr6619-7+deb9u1
2020-02-02 00:34:19 status half-installed python-bzrlib:amd64 2.7.0+bzr6619-7+deb9u1
2020-02-02 00:34:19 status unpacked python-bzrlib:amd64 2.7.0+bzr6619-7+deb9u1
2020-02-02 00:34:19 status unpacked python-bzrlib:amd64 2.7.0+bzr6619-7+deb9u1
2020-02-02 00:34:19 install bzr:all <none> 2.7.0+bzr6619-7+deb9u1
2020-02-02 00:34:19 status half-installed bzr:all 2.7.0+bzr6619-7+deb9u1
2020-02-02 00:34:19 status unpacked bzr:all 2.7.0+bzr6619-7+deb9u1
2020-02-02 00:34:19 status unpacked bzr:all 2.7.0+bzr6619-7+deb9u1
2020-02-02 00:34:19 install libapr1:amd64 <none> 1.5.2-5
2020-02-02 00:34:19 status half-installed libapr1:amd64 1.5.2-5
2020-02-02 00:34:19 status unpacked libapr1:amd64 1.5.2-5
2020-02-02 00:34:19 status unpacked libapr1:amd64 1.5.2-5
2020-02-02 00:34:19 install libaprutil1:amd64 <none> 1.5.4-3
2020-02-02 00:34:19 status half-installed libaprutil1:amd64 1.5.4-3
2020-02-02 00:34:19 status unpacked libaprutil1:amd64 1.5.4-3
2020-02-02 00:34:19 status unpacked libaprutil1:amd64 1.5.4-3
2020-02-02 00:34:19 install libjs-excanvas:all <none> 0.r3-4
2020-02-02 00:34:19 status half-installed libjs-excanvas:all 0.r3-4
2020-02-02 00:34:20 status unpacked libjs-excanvas:all 0.r3-4
2020-02-02 00:34:20 status unpacked libjs-excanvas:all 0.r3-4
2020-02-02 00:34:20 install libserf-1-1:amd64 <none> 1.3.9-3+deb9u1
2020-02-02 00:34:20 status half-installed libserf-1-1:amd64 1.3.9-3+deb9u1
2020-02-02 00:34:20 status unpacked libserf-1-1:amd64 1.3.9-3+deb9u1
2020-02-02 00:34:20 status unpacked libserf-1-1:amd64 1.3.9-3+deb9u1
2020-02-02 00:34:20 install libsvn1:amd64 <none> 1.9.5-1+deb9u5
2020-02-02 00:34:20 status half-installed libsvn1:amd64 1.9.5-1+deb9u5
2020-02-02 00:34:20 status unpacked libsvn1:amd64 1.9.5-1+deb9u5
2020-02-02 00:34:20 status unpacked libsvn1:amd64 1.9.5-1+deb9u5
2020-02-02 00:34:20 install mercurial-common:all <none> 4.0-1+deb9u1
2020-02-02 00:34:20 status half-installed mercurial-common:all 4.0-1+deb9u1
2020-02-02 00:34:20 status unpacked mercurial-common:all 4.0-1+deb9u1
2020-02-02 00:34:20 status unpacked mercurial-common:all 4.0-1+deb9u1
2020-02-02 00:34:20 install mercurial:amd64 <none> 4.0-1+deb9u1
2020-02-02 00:34:20 status half-installed mercurial:amd64 4.0-1+deb9u1
2020-02-02 00:34:20 status unpacked mercurial:amd64 4.0-1+deb9u1
2020-02-02 00:34:20 status unpacked mercurial:amd64 4.0-1+deb9u1
2020-02-02 00:34:20 install subversion:amd64 <none> 1.9.5-1+deb9u5
2020-02-02 00:34:20 status half-installed subversion:amd64 1.9.5-1+deb9u5
2020-02-02 00:34:20 status unpacked subversion:amd64 1.9.5-1+deb9u5
2020-02-02 00:34:20 status unpacked subversion:amd64 1.9.5-1+deb9u5
2020-02-02 00:34:20 startup packages configure
2020-02-02 00:34:20 configure libncurses5:amd64 6.0+20161126-1+deb9u2 <none>
2020-02-02 00:34:20 status unpacked libncurses5:amd64 6.0+20161126-1+deb9u2
2020-02-02 00:34:20 status half-configured libncurses5:amd64 6.0+20161126-1+deb9u2
2020-02-02 00:34:20 status installed libncurses5:amd64 6.0+20161126-1+deb9u2
2020-02-02 00:34:20 configure libapr1:amd64 1.5.2-5 <none>
2020-02-02 00:34:20 status unpacked libapr1:amd64 1.5.2-5
2020-02-02 00:34:20 status half-configured libapr1:amd64 1.5.2-5
2020-02-02 00:34:20 status installed libapr1:amd64 1.5.2-5
2020-02-02 00:34:20 configure perl-modules-5.24:all 5.24.1-3+deb9u5 <none>
2020-02-02 00:34:20 status unpacked perl-modules-5.24:all 5.24.1-3+deb9u5
2020-02-02 00:34:20 status half-configured perl-modules-5.24:all 5.24.1-3+deb9u5
2020-02-02 00:34:20 status installed perl-modules-5.24:all 5.24.1-3+deb9u5
2020-02-02 00:34:20 configure libgdbm3:amd64 1.8.3-14 <none>
2020-02-02 00:34:20 status unpacked libgdbm3:amd64 1.8.3-14
2020-02-02 00:34:20 status half-configured libgdbm3:amd64 1.8.3-14
2020-02-02 00:34:20 status installed libgdbm3:amd64 1.8.3-14
2020-02-02 00:34:20 configure libperl5.24:amd64 5.24.1-3+deb9u5 <none>
2020-02-02 00:34:20 status unpacked libperl5.24:amd64 5.24.1-3+deb9u5
2020-02-02 00:34:20 status half-configured libperl5.24:amd64 5.24.1-3+deb9u5
2020-02-02 00:34:20 status installed libperl5.24:amd64 5.24.1-3+deb9u5
2020-02-02 00:34:20 configure git-man:all 1:2.11.0-3+deb9u5 <none>
2020-02-02 00:34:20 status unpacked git-man:all 1:2.11.0-3+deb9u5
2020-02-02 00:34:20 status half-configured git-man:all 1:2.11.0-3+deb9u5
2020-02-02 00:34:20 status installed git-man:all 1:2.11.0-3+deb9u5
2020-02-02 00:34:20 configure libexpat1:amd64 2.2.0-2+deb9u3 <none>
2020-02-02 00:34:20 status unpacked libexpat1:amd64 2.2.0-2+deb9u3
2020-02-02 00:34:20 status half-configured libexpat1:amd64 2.2.0-2+deb9u3
2020-02-02 00:34:20 status installed libexpat1:amd64 2.2.0-2+deb9u3
2020-02-02 00:34:20 configure mime-support:all 3.60 <none>
2020-02-02 00:34:20 status unpacked mime-support:all 3.60
2020-02-02 00:34:20 status unpacked mime-support:all 3.60
2020-02-02 00:34:20 status unpacked mime-support:all 3.60
2020-02-02 00:34:20 status half-configured mime-support:all 3.60
2020-02-02 00:34:20 status installed mime-support:all 3.60
2020-02-02 00:34:20 configure libcurl3-gnutls:amd64 7.52.1-5+deb9u9 <none>
2020-02-02 00:34:20 status unpacked libcurl3-gnutls:amd64 7.52.1-5+deb9u9
2020-02-02 00:34:20 status half-configured libcurl3-gnutls:amd64 7.52.1-5+deb9u9
2020-02-02 00:34:20 status installed libcurl3-gnutls:amd64 7.52.1-5+deb9u9
2020-02-02 00:34:20 configure libjs-excanvas:all 0.r3-4 <none>
2020-02-02 00:34:20 status unpacked libjs-excanvas:all 0.r3-4
2020-02-02 00:34:20 status half-configured libjs-excanvas:all 0.r3-4
2020-02-02 00:34:20 status installed libjs-excanvas:all 0.r3-4
2020-02-02 00:34:20 configure libbsd0:amd64 0.8.3-1 <none>
2020-02-02 00:34:20 status unpacked libbsd0:amd64 0.8.3-1
2020-02-02 00:34:20 status half-configured libbsd0:amd64 0.8.3-1
2020-02-02 00:34:20 status installed libbsd0:amd64 0.8.3-1
2020-02-02 00:34:20 configure libprocps6:amd64 2:3.3.12-3+deb9u1 <none>
2020-02-02 00:34:20 status unpacked libprocps6:amd64 2:3.3.12-3+deb9u1
2020-02-02 00:34:20 status half-configured libprocps6:amd64 2:3.3.12-3+deb9u1
2020-02-02 00:34:20 status installed libprocps6:amd64 2:3.3.12-3+deb9u1
2020-02-02 00:34:20 configure ucf:all 3.0036 <none>
2020-02-02 00:34:20 status unpacked ucf:all 3.0036
2020-02-02 00:34:20 status unpacked ucf:all 3.0036
2020-02-02 00:34:20 status half-configured ucf:all 3.0036
2020-02-02 00:34:20 status installed ucf:all 3.0036
2020-02-02 00:34:20 configure procps:amd64 2:3.3.12-3+deb9u1 <none>
2020-02-02 00:34:20 status unpacked procps:amd64 2:3.3.12-3+deb9u1
2020-02-02 00:34:20 status unpacked procps:amd64 2:3.3.12-3+deb9u1
2020-02-02 00:34:20 status unpacked procps:amd64 2:3.3.12-3+deb9u1
2020-02-02 00:34:20 status unpacked procps:amd64 2:3.3.12-3+deb9u1
2020-02-02 00:34:20 status half-configured procps:amd64 2:3.3.12-3+deb9u1
2020-02-02 00:34:21 status installed procps:amd64 2:3.3.12-3+deb9u1
2020-02-02 00:34:21 configure perl:amd64 5.24.1-3+deb9u5 <none>
2020-02-02 00:34:21 status unpacked perl:amd64 5.24.1-3+deb9u5
2020-02-02 00:34:21 status unpacked perl:amd64 5.24.1-3+deb9u5
2020-02-02 00:34:21 status unpacked perl:amd64 5.24.1-3+deb9u5
2020-02-02 00:34:21 status half-configured perl:amd64 5.24.1-3+deb9u5
2020-02-02 00:34:21 status installed perl:amd64 5.24.1-3+deb9u5
2020-02-02 00:34:21 trigproc libc-bin:amd64 2.24-11+deb9u4 <none>
2020-02-02 00:34:21 status half-configured libc-bin:amd64 2.24-11+deb9u4
2020-02-02 00:34:21 status installed libc-bin:amd64 2.24-11+deb9u4
2020-02-02 00:34:21 configure libaprutil1:amd64 1.5.4-3 <none>
2020-02-02 00:34:21 status triggers-pending libc-bin:amd64 2.24-11+deb9u4
2020-02-02 00:34:21 status unpacked libaprutil1:amd64 1.5.4-3
2020-02-02 00:34:21 status half-configured libaprutil1:amd64 1.5.4-3
2020-02-02 00:34:21 status installed libaprutil1:amd64 1.5.4-3
2020-02-02 00:34:21 configure libpython2.7-stdlib:amd64 2.7.13-2+deb9u3 <none>
2020-02-02 00:34:21 status unpacked libpython2.7-stdlib:amd64 2.7.13-2+deb9u3
2020-02-02 00:34:21 status half-configured libpython2.7-stdlib:amd64 2.7.13-2+deb9u3
2020-02-02 00:34:21 status installed libpython2.7-stdlib:amd64 2.7.13-2+deb9u3
2020-02-02 00:34:21 configure libedit2:amd64 3.1-20160903-3 <none>
2020-02-02 00:34:21 status unpacked libedit2:amd64 3.1-20160903-3
2020-02-02 00:34:21 status half-configured libedit2:amd64 3.1-20160903-3
2020-02-02 00:34:21 status installed libedit2:amd64 3.1-20160903-3
2020-02-02 00:34:21 configure liberror-perl:all 0.17024-1 <none>
2020-02-02 00:34:21 status unpacked liberror-perl:all 0.17024-1
2020-02-02 00:34:21 status half-configured liberror-perl:all 0.17024-1
2020-02-02 00:34:21 status installed liberror-perl:all 0.17024-1
2020-02-02 00:34:21 configure python2.7:amd64 2.7.13-2+deb9u3 <none>
2020-02-02 00:34:21 status unpacked python2.7:amd64 2.7.13-2+deb9u3
2020-02-02 00:34:21 status half-configured python2.7:amd64 2.7.13-2+deb9u3
2020-02-02 00:34:21 status installed python2.7:amd64 2.7.13-2+deb9u3
2020-02-02 00:34:21 configure libpython-stdlib:amd64 2.7.13-2 <none>
2020-02-02 00:34:21 status unpacked libpython-stdlib:amd64 2.7.13-2
2020-02-02 00:34:21 status half-configured libpython-stdlib:amd64 2.7.13-2
2020-02-02 00:34:21 status installed libpython-stdlib:amd64 2.7.13-2
2020-02-02 00:34:21 configure libserf-1-1:amd64 1.3.9-3+deb9u1 <none>
2020-02-02 00:34:21 status unpacked libserf-1-1:amd64 1.3.9-3+deb9u1
2020-02-02 00:34:21 status half-configured libserf-1-1:amd64 1.3.9-3+deb9u1
2020-02-02 00:34:21 status installed libserf-1-1:amd64 1.3.9-3+deb9u1
2020-02-02 00:34:21 configure libsvn1:amd64 1.9.5-1+deb9u5 <none>
2020-02-02 00:34:21 status unpacked libsvn1:amd64 1.9.5-1+deb9u5
2020-02-02 00:34:21 status half-configured libsvn1:amd64 1.9.5-1+deb9u5
2020-02-02 00:34:21 status installed libsvn1:amd64 1.9.5-1+deb9u5
2020-02-02 00:34:21 configure openssh-client:amd64 1:7.4p1-10+deb9u7 <none>
2020-02-02 00:34:21 status unpacked openssh-client:amd64 1:7.4p1-10+deb9u7
2020-02-02 00:34:21 status unpacked openssh-client:amd64 1:7.4p1-10+deb9u7
2020-02-02 00:34:21 status unpacked openssh-client:amd64 1:7.4p1-10+deb9u7
2020-02-02 00:34:21 status half-configured openssh-client:amd64 1:7.4p1-10+deb9u7
2020-02-02 00:34:21 status installed openssh-client:amd64 1:7.4p1-10+deb9u7
2020-02-02 00:34:21 configure git:amd64 1:2.11.0-3+deb9u5 <none>
2020-02-02 00:34:21 status unpacked git:amd64 1:2.11.0-3+deb9u5
2020-02-02 00:34:21 status unpacked git:amd64 1:2.11.0-3+deb9u5
2020-02-02 00:34:21 status half-configured git:amd64 1:2.11.0-3+deb9u5
2020-02-02 00:34:21 status installed git:amd64 1:2.11.0-3+deb9u5
2020-02-02 00:34:21 configure python:amd64 2.7.13-2 <none>
2020-02-02 00:34:21 status unpacked python:amd64 2.7.13-2
2020-02-02 00:34:21 status half-configured python:amd64 2.7.13-2
2020-02-02 00:34:21 status installed python:amd64 2.7.13-2
2020-02-02 00:34:21 configure mercurial-common:all 4.0-1+deb9u1 <none>
2020-02-02 00:34:21 status unpacked mercurial-common:all 4.0-1+deb9u1
2020-02-02 00:34:22 status unpacked mercurial-common:all 4.0-1+deb9u1
2020-02-02 00:34:22 status unpacked mercurial-common:all 4.0-1+deb9u1
2020-02-02 00:34:22 status unpacked mercurial-common:all 4.0-1+deb9u1
2020-02-02 00:34:22 status half-configured mercurial-common:all 4.0-1+deb9u1
2020-02-02 00:34:23 status installed mercurial-common:all 4.0-1+deb9u1
2020-02-02 00:34:23 configure mercurial:amd64 4.0-1+deb9u1 <none>
2020-02-02 00:34:23 status unpacked mercurial:amd64 4.0-1+deb9u1
2020-02-02 00:34:23 status half-configured mercurial:amd64 4.0-1+deb9u1
2020-02-02 00:34:23 status installed mercurial:amd64 4.0-1+deb9u1
2020-02-02 00:34:23 configure python-six:all 1.10.0-3 <none>
2020-02-02 00:34:23 status unpacked python-six:all 1.10.0-3
2020-02-02 00:34:23 status half-configured python-six:all 1.10.0-3
2020-02-02 00:34:24 status installed python-six:all 1.10.0-3
2020-02-02 00:34:24 configure subversion:amd64 1.9.5-1+deb9u5 <none>
2020-02-02 00:34:24 status unpacked subversion:amd64 1.9.5-1+deb9u5
2020-02-02 00:34:24 status unpacked subversion:amd64 1.9.5-1+deb9u5
2020-02-02 00:34:24 status unpacked subversion:amd64 1.9.5-1+deb9u5
2020-02-02 00:34:24 status half-configured subversion:amd64 1.9.5-1+deb9u5
2020-02-02 00:34:24 status installed subversion:amd64 1.9.5-1+deb9u5
2020-02-02 00:34:24 configure python-configobj:all 5.0.6-2 <none>
2020-02-02 00:34:24 status unpacked python-configobj:all 5.0.6-2
2020-02-02 00:34:24 status half-configured python-configobj:all 5.0.6-2
2020-02-02 00:34:24 status installed python-configobj:all 5.0.6-2
2020-02-02 00:34:24 configure python-bzrlib:amd64 2.7.0+bzr6619-7+deb9u1 <none>
2020-02-02 00:34:24 status unpacked python-bzrlib:amd64 2.7.0+bzr6619-7+deb9u1
2020-02-02 00:34:24 status half-configured python-bzrlib:amd64 2.7.0+bzr6619-7+deb9u1
2020-02-02 00:34:25 status installed python-bzrlib:amd64 2.7.0+bzr6619-7+deb9u1
2020-02-02 00:34:25 configure bzr:all 2.7.0+bzr6619-7+deb9u1 <none>
2020-02-02 00:34:25 status unpacked bzr:all 2.7.0+bzr6619-7+deb9u1
2020-02-02 00:34:25 status half-configured bzr:all 2.7.0+bzr6619-7+deb9u1
2020-02-02 00:34:25 status installed bzr:all 2.7.0+bzr6619-7+deb9u1
2020-02-02 00:34:25 trigproc libc-bin:amd64 2.24-11+deb9u4 <none>
2020-02-02 00:34:25 status half-configured libc-bin:amd64 2.24-11+deb9u4
2020-02-02 00:34:25 status installed libc-bin:amd64 2.24-11+deb9u4
2020-02-02 06:26:07 startup archives unpack
2020-02-02 06:26:07 install libpng16-16:amd64 <none> 1.6.28-1+deb9u1
2020-02-02 06:26:07 status triggers-pending libc-bin:amd64 2.24-11+deb9u4
2020-02-02 06:26:07 status half-installed libpng16-16:amd64 1.6.28-1+deb9u1
2020-02-02 06:26:07 status unpacked libpng16-16:amd64 1.6.28-1+deb9u1
2020-02-02 06:26:07 status unpacked libpng16-16:amd64 1.6.28-1+deb9u1
2020-02-02 06:26:07 install libfreetype6:amd64 <none> 2.6.3-3.2
2020-02-02 06:26:07 status half-installed libfreetype6:amd64 2.6.3-3.2
2020-02-02 06:26:07 status unpacked libfreetype6:amd64 2.6.3-3.2
2020-02-02 06:26:07 status unpacked libfreetype6:amd64 2.6.3-3.2
2020-02-02 06:26:07 install fonts-dejavu-core:all <none> 2.37-1
2020-02-02 06:26:07 status half-installed fonts-dejavu-core:all 2.37-1
2020-02-02 06:26:07 status unpacked fonts-dejavu-core:all 2.37-1
2020-02-02 06:26:07 status unpacked fonts-dejavu-core:all 2.37-1
2020-02-02 06:26:07 install fontconfig-config:all <none> 2.11.0-6.7
2020-02-02 06:26:07 status half-installed fontconfig-config:all 2.11.0-6.7
2020-02-02 06:26:07 status unpacked fontconfig-config:all 2.11.0-6.7
2020-02-02 06:26:07 status unpacked fontconfig-config:all 2.11.0-6.7
2020-02-02 06:26:07 install libfontconfig1:amd64 <none> 2.11.0-6.7+b1
2020-02-02 06:26:07 status half-installed libfontconfig1:amd64 2.11.0-6.7+b1
2020-02-02 06:26:07 status unpacked libfontconfig1:amd64 2.11.0-6.7+b1
2020-02-02 06:26:07 status unpacked libfontconfig1:amd64 2.11.0-6.7+b1
2020-02-02 06:26:07 install fontconfig:amd64 <none> 2.11.0-6.7+b1
2020-02-02 06:26:07 status half-installed fontconfig:amd64 2.11.0-6.7+b1
2020-02-02 06:26:08 status unpacked fontconfig:amd64 2.11.0-6.7+b1
2020-02-02 06:26:08 status unpacked fontconfig:amd64 2.11.0-6.7+b1
2020-02-02 06:26:08 install bzip2:amd64 <none> 1.0.6-8.1
2020-02-02 06:26:08 status half-installed bzip2:amd64 1.0.6-8.1
2020-02-02 06:26:08 status unpacked bzip2:amd64 1.0.6-8.1
2020-02-02 06:26:08 status unpacked bzip2:amd64 1.0.6-8.1
2020-02-02 06:26:08 install xz-utils:amd64 <none> 5.2.2-1.2+b1
2020-02-02 06:26:08 status half-installed xz-utils:amd64 5.2.2-1.2+b1
2020-02-02 06:26:08 status unpacked xz-utils:amd64 5.2.2-1.2+b1
2020-02-02 06:26:08 status unpacked xz-utils:amd64 5.2.2-1.2+b1
2020-02-02 06:26:08 install unzip:amd64 <none> 6.0-21+deb9u2
2020-02-02 06:26:08 status half-installed unzip:amd64 6.0-21+deb9u2
2020-02-02 06:26:08 status triggers-pending mime-support:all 3.60
2020-02-02 06:26:08 status unpacked unzip:amd64 6.0-21+deb9u2
2020-02-02 06:26:08 status unpacked unzip:amd64 6.0-21+deb9u2
2020-02-02 06:26:08 install p11-kit-modules:amd64 <none> 0.23.3-2
2020-02-02 06:26:08 status half-installed p11-kit-modules:amd64 0.23.3-2
2020-02-02 06:26:08 status unpacked p11-kit-modules:amd64 0.23.3-2
2020-02-02 06:26:08 status unpacked p11-kit-modules:amd64 0.23.3-2
2020-02-02 06:26:08 install p11-kit:amd64 <none> 0.23.3-2
2020-02-02 06:26:08 status half-installed p11-kit:amd64 0.23.3-2
2020-02-02 06:26:08 status unpacked p11-kit:amd64 0.23.3-2
2020-02-02 06:26:08 status unpacked p11-kit:amd64 0.23.3-2
2020-02-02 06:26:08 startup packages configure
2020-02-02 06:26:08 trigproc mime-support:all 3.60 <none>
2020-02-02 06:26:08 status half-configured mime-support:all 3.60
2020-02-02 06:26:08 status installed mime-support:all 3.60
2020-02-02 06:26:08 configure libpng16-16:amd64 1.6.28-1+deb9u1 <none>
2020-02-02 06:26:08 status unpacked libpng16-16:amd64 1.6.28-1+deb9u1
2020-02-02 06:26:08 status half-configured libpng16-16:amd64 1.6.28-1+deb9u1
2020-02-02 06:26:08 status installed libpng16-16:amd64 1.6.28-1+deb9u1
2020-02-02 06:26:08 configure fonts-dejavu-core:all 2.37-1 <none>
2020-02-02 06:26:08 status unpacked fonts-dejavu-core:all 2.37-1
2020-02-02 06:26:08 status unpacked fonts-dejavu-core:all 2.37-1
2020-02-02 06:26:08 status unpacked fonts-dejavu-core:all 2.37-1
2020-02-02 06:26:08 status unpacked fonts-dejavu-core:all 2.37-1
2020-02-02 06:26:08 status unpacked fonts-dejavu-core:all 2.37-1
2020-02-02 06:26:08 status unpacked fonts-dejavu-core:all 2.37-1
2020-02-02 06:26:08 status unpacked fonts-dejavu-core:all 2.37-1
2020-02-02 06:26:08 status unpacked fonts-dejavu-core:all 2.37-1
2020-02-02 06:26:08 status unpacked fonts-dejavu-core:all 2.37-1
2020-02-02 06:26:08 status unpacked fonts-dejavu-core:all 2.37-1
2020-02-02 06:26:08 status unpacked fonts-dejavu-core:all 2.37-1
2020-02-02 06:26:08 status unpacked fonts-dejavu-core:all 2.37-1
2020-02-02 06:26:08 status unpacked fonts-dejavu-core:all 2.37-1
2020-02-02 06:26:08 status half-configured fonts-dejavu-core:all 2.37-1
2020-02-02 06:26:08 status installed fonts-dejavu-core:all 2.37-1
2020-02-02 06:26:08 configure unzip:amd64 6.0-21+deb9u2 <none>
2020-02-02 06:26:08 status unpacked unzip:amd64 6.0-21+deb9u2
2020-02-02 06:26:08 status half-configured unzip:amd64 6.0-21+deb9u2
2020-02-02 06:26:08 status installed unzip:amd64 6.0-21+deb9u2
2020-02-02 06:26:08 configure libfreetype6:amd64 2.6.3-3.2 <none>
2020-02-02 06:26:08 status unpacked libfreetype6:amd64 2.6.3-3.2
2020-02-02 06:26:08 status half-configured libfreetype6:amd64 2.6.3-3.2
2020-02-02 06:26:08 status installed libfreetype6:amd64 2.6.3-3.2
2020-02-02 06:26:08 configure bzip2:amd64 1.0.6-8.1 <none>
2020-02-02 06:26:08 status unpacked bzip2:amd64 1.0.6-8.1
2020-02-02 06:26:08 status half-configured bzip2:amd64 1.0.6-8.1
2020-02-02 06:26:08 status installed bzip2:amd64 1.0.6-8.1
2020-02-02 06:26:08 configure p11-kit-modules:amd64 0.23.3-2 <none>
2020-02-02 06:26:08 status unpacked p11-kit-modules:amd64 0.23.3-2
2020-02-02 06:26:08 status half-configured p11-kit-modules:amd64 0.23.3-2
2020-02-02 06:26:08 status installed p11-kit-modules:amd64 0.23.3-2
2020-02-02 06:26:08 trigproc libc-bin:amd64 2.24-11+deb9u4 <none>
2020-02-02 06:26:08 status half-configured libc-bin:amd64 2.24-11+deb9u4
2020-02-02 06:26:08 status installed libc-bin:amd64 2.24-11+deb9u4
2020-02-02 06:26:08 configure xz-utils:amd64 5.2.2-1.2+b1 <none>
2020-02-02 06:26:08 status unpacked xz-utils:amd64 5.2.2-1.2+b1
2020-02-02 06:26:08 status half-configured xz-utils:amd64 5.2.2-1.2+b1
2020-02-02 06:26:08 status installed xz-utils:amd64 5.2.2-1.2+b1
2020-02-02 06:26:08 configure fontconfig-config:all 2.11.0-6.7 <none>
2020-02-02 06:26:08 status unpacked fontconfig-config:all 2.11.0-6.7
2020-02-02 06:26:08 status unpacked fontconfig-config:all 2.11.0-6.7
2020-02-02 06:26:08 status unpacked fontconfig-config:all 2.11.0-6.7
2020-02-02 06:26:08 status half-configured fontconfig-config:all 2.11.0-6.7
2020-02-02 06:26:09 status installed fontconfig-config:all 2.11.0-6.7
2020-02-02 06:26:09 configure p11-kit:amd64 0.23.3-2 <none>
2020-02-02 06:26:09 status unpacked p11-kit:amd64 0.23.3-2
2020-02-02 06:26:09 status half-configured p11-kit:amd64 0.23.3-2
2020-02-02 06:26:09 status installed p11-kit:amd64 0.23.3-2
2020-02-02 06:26:09 configure libfontconfig1:amd64 2.11.0-6.7+b1 <none>
2020-02-02 06:26:09 status triggers-pending libc-bin:amd64 2.24-11+deb9u4
2020-02-02 06:26:09 status unpacked libfontconfig1:amd64 2.11.0-6.7+b1
2020-02-02 06:26:09 status half-configured libfontconfig1:amd64 2.11.0-6.7+b1
2020-02-02 06:26:09 status installed libfontconfig1:amd64 2.11.0-6.7+b1
2020-02-02 06:26:09 configure fontconfig:amd64 2.11.0-6.7+b1 <none>
2020-02-02 06:26:09 status unpacked fontconfig:amd64 2.11.0-6.7+b1
2020-02-02 06:26:09 status half-configured fontconfig:amd64 2.11.0-6.7+b1
2020-02-02 06:26:11 status installed fontconfig:amd64 2.11.0-6.7+b1
2020-02-02 06:26:11 trigproc libc-bin:amd64 2.24-11+deb9u4 <none>
2020-02-02 06:26:11 status half-configured libc-bin:amd64 2.24-11+deb9u4
2020-02-02 06:26:11 status installed libc-bin:amd64 2.24-11+deb9u4
2020-12-02 11:53:08 startup archives unpack
2020-12-02 11:53:08 upgrade base-files:amd64 9.9+deb9u11 9.9+deb9u13
2020-12-02 11:53:08 status half-configured base-files:amd64 9.9+deb9u11
2020-12-02 11:53:08 status unpacked base-files:amd64 9.9+deb9u11
2020-12-02 11:53:08 status half-installed base-files:amd64 9.9+deb9u11
2020-12-02 11:53:08 status half-installed base-files:amd64 9.9+deb9u11
2020-12-02 11:53:08 status unpacked base-files:amd64 9.9+deb9u13
2020-12-02 11:53:08 status unpacked base-files:amd64 9.9+deb9u13
2020-12-02 11:53:09 startup packages configure
2020-12-02 11:53:09 configure base-files:amd64 9.9+deb9u13 <none>
2020-12-02 11:53:09 status unpacked base-files:amd64 9.9+deb9u13
2020-12-02 11:53:09 status unpacked base-files:amd64 9.9+deb9u13
2020-12-02 11:53:09 status unpacked base-files:amd64 9.9+deb9u13
2020-12-02 11:53:09 status unpacked base-files:amd64 9.9+deb9u13
2020-12-02 11:53:09 status unpacked base-files:amd64 9.9+deb9u13
2020-12-02 11:53:09 status unpacked base-files:amd64 9.9+deb9u13
2020-12-02 11:53:09 status unpacked base-files:amd64 9.9+deb9u13
2020-12-02 11:53:09 status half-configured base-files:amd64 9.9+deb9u13
2020-12-02 11:53:09 status installed base-files:amd64 9.9+deb9u13
2020-12-02 11:53:09 startup archives unpack
2020-12-02 11:53:09 upgrade e2fslibs:amd64 1.43.4-2+deb9u1 1.43.4-2+deb9u2
2020-12-02 11:53:09 status triggers-pending libc-bin:amd64 2.24-11+deb9u4
2020-12-02 11:53:09 status half-configured e2fslibs:amd64 1.43.4-2+deb9u1
2020-12-02 11:53:09 status unpacked e2fslibs:amd64 1.43.4-2+deb9u1
2020-12-02 11:53:09 status half-installed e2fslibs:amd64 1.43.4-2+deb9u1
2020-12-02 11:53:09 status half-installed e2fslibs:amd64 1.43.4-2+deb9u1
2020-12-02 11:53:09 status unpacked e2fslibs:amd64 1.43.4-2+deb9u2
2020-12-02 11:53:09 status unpacked e2fslibs:amd64 1.43.4-2+deb9u2
2020-12-02 11:53:09 startup packages configure
2020-12-02 11:53:09 configure e2fslibs:amd64 1.43.4-2+deb9u2 <none>
2020-12-02 11:53:09 status unpacked e2fslibs:amd64 1.43.4-2+deb9u2
2020-12-02 11:53:09 status half-configured e2fslibs:amd64 1.43.4-2+deb9u2
2020-12-02 11:53:09 status installed e2fslibs:amd64 1.43.4-2+deb9u2
2020-12-02 11:53:09 startup archives unpack
2020-12-02 11:53:09 upgrade e2fsprogs:amd64 1.43.4-2+deb9u1 1.43.4-2+deb9u2
2020-12-02 11:53:09 status half-configured e2fsprogs:amd64 1.43.4-2+deb9u1
2020-12-02 11:53:10 status unpacked e2fsprogs:amd64 1.43.4-2+deb9u1
2020-12-02 11:53:10 status half-installed e2fsprogs:amd64 1.43.4-2+deb9u1
2020-12-02 11:53:11 status half-installed e2fsprogs:amd64 1.43.4-2+deb9u1
2020-12-02 11:53:11 status unpacked e2fsprogs:amd64 1.43.4-2+deb9u2
2020-12-02 11:53:11 status unpacked e2fsprogs:amd64 1.43.4-2+deb9u2
2020-12-02 11:53:11 startup packages configure
2020-12-02 11:53:11 configure e2fsprogs:amd64 1.43.4-2+deb9u2 <none>
2020-12-02 11:53:11 status unpacked e2fsprogs:amd64 1.43.4-2+deb9u2
2020-12-02 11:53:11 status unpacked e2fsprogs:amd64 1.43.4-2+deb9u2
2020-12-02 11:53:11 status half-configured e2fsprogs:amd64 1.43.4-2+deb9u2
2020-12-02 11:53:11 status installed e2fsprogs:amd64 1.43.4-2+deb9u2
2020-12-02 11:53:11 startup archives unpack
2020-12-02 11:53:11 upgrade libperl5.24:amd64 5.24.1-3+deb9u5 5.24.1-3+deb9u7
2020-12-02 11:53:11 status half-configured libperl5.24:amd64 5.24.1-3+deb9u5
2020-12-02 11:53:11 status unpacked libperl5.24:amd64 5.24.1-3+deb9u5
2020-12-02 11:53:11 status half-installed libperl5.24:amd64 5.24.1-3+deb9u5
2020-12-02 11:53:16 status half-installed libperl5.24:amd64 5.24.1-3+deb9u5
2020-12-02 11:53:17 status unpacked libperl5.24:amd64 5.24.1-3+deb9u7
2020-12-02 11:53:17 status unpacked libperl5.24:amd64 5.24.1-3+deb9u7
2020-12-02 11:53:17 upgrade perl:amd64 5.24.1-3+deb9u5 5.24.1-3+deb9u7
2020-12-02 11:53:17 status half-configured perl:amd64 5.24.1-3+deb9u5
2020-12-02 11:53:17 status unpacked perl:amd64 5.24.1-3+deb9u5
2020-12-02 11:53:17 status half-installed perl:amd64 5.24.1-3+deb9u5
2020-12-02 11:53:18 status half-installed perl:amd64 5.24.1-3+deb9u5
2020-12-02 11:53:18 status unpacked perl:amd64 5.24.1-3+deb9u7
2020-12-02 11:53:18 status unpacked perl:amd64 5.24.1-3+deb9u7
2020-12-02 11:53:18 upgrade perl-base:amd64 5.24.1-3+deb9u5 5.24.1-3+deb9u7
2020-12-02 11:53:18 status half-configured perl-base:amd64 5.24.1-3+deb9u5
2020-12-02 11:53:18 status unpacked perl-base:amd64 5.24.1-3+deb9u5
2020-12-02 11:53:18 status half-installed perl-base:amd64 5.24.1-3+deb9u5
2020-12-02 11:53:26 status half-installed perl-base:amd64 5.24.1-3+deb9u5
2020-12-02 11:53:26 status unpacked perl-base:amd64 5.24.1-3+deb9u7
2020-12-02 11:53:26 status unpacked perl-base:amd64 5.24.1-3+deb9u7
2020-12-02 11:53:26 startup packages configure
2020-12-02 11:53:26 configure perl-base:amd64 5.24.1-3+deb9u7 <none>
2020-12-02 11:53:26 status unpacked perl-base:amd64 5.24.1-3+deb9u7
2020-12-02 11:53:26 status half-configured perl-base:amd64 5.24.1-3+deb9u7
2020-12-02 11:53:26 status installed perl-base:amd64 5.24.1-3+deb9u7
2020-12-02 11:53:26 startup archives unpack
2020-12-02 11:53:26 upgrade perl-modules-5.24:all 5.24.1-3+deb9u5 5.24.1-3+deb9u7
2020-12-02 11:53:26 status half-configured perl-modules-5.24:all 5.24.1-3+deb9u5
2020-12-02 11:53:26 status unpacked perl-modules-5.24:all 5.24.1-3+deb9u5
2020-12-02 11:53:27 status half-installed perl-modules-5.24:all 5.24.1-3+deb9u5
2020-12-02 11:53:42 status half-installed perl-modules-5.24:all 5.24.1-3+deb9u5
2020-12-02 11:53:42 status unpacked perl-modules-5.24:all 5.24.1-3+deb9u7
2020-12-02 11:53:42 status unpacked perl-modules-5.24:all 5.24.1-3+deb9u7
2020-12-02 11:53:42 upgrade libapt-pkg5.0:amd64 1.4.9 1.4.10
2020-12-02 11:53:42 status half-configured libapt-pkg5.0:amd64 1.4.9
2020-12-02 11:53:42 status unpacked libapt-pkg5.0:amd64 1.4.9
2020-12-02 11:53:42 status half-installed libapt-pkg5.0:amd64 1.4.9
2020-12-02 11:53:43 status half-installed libapt-pkg5.0:amd64 1.4.9
2020-12-02 11:53:43 status unpacked libapt-pkg5.0:amd64 1.4.10
2020-12-02 11:53:43 status unpacked libapt-pkg5.0:amd64 1.4.10
2020-12-02 11:53:44 startup packages configure
2020-12-02 11:53:44 configure libapt-pkg5.0:amd64 1.4.10 <none>
2020-12-02 11:53:44 status unpacked libapt-pkg5.0:amd64 1.4.10
2020-12-02 11:53:44 status half-configured libapt-pkg5.0:amd64 1.4.10
2020-12-02 11:53:44 status installed libapt-pkg5.0:amd64 1.4.10
2020-12-02 11:53:44 startup archives unpack
2020-12-02 11:53:44 upgrade apt:amd64 1.4.9 1.4.10
2020-12-02 11:53:44 status half-configured apt:amd64 1.4.9
2020-12-02 11:53:44 status unpacked apt:amd64 1.4.9
2020-12-02 11:53:44 status half-installed apt:amd64 1.4.9
2020-12-02 11:53:46 status half-installed apt:amd64 1.4.9
2020-12-02 11:53:46 status unpacked apt:amd64 1.4.10
2020-12-02 11:53:46 status unpacked apt:amd64 1.4.10
2020-12-02 11:53:46 startup packages configure
2020-12-02 11:53:46 configure apt:amd64 1.4.10 <none>
2020-12-02 11:53:46 status unpacked apt:amd64 1.4.10
2020-12-02 11:53:46 status unpacked apt:amd64 1.4.10
2020-12-02 11:53:46 status unpacked apt:amd64 1.4.10
2020-12-02 11:53:46 status unpacked apt:amd64 1.4.10
2020-12-02 11:53:46 status unpacked apt:amd64 1.4.10
2020-12-02 11:53:46 status half-configured apt:amd64 1.4.10
2020-12-02 11:53:47 status installed apt:amd64 1.4.10
2020-12-02 11:53:47 startup archives unpack
2020-12-02 11:53:47 upgrade git-man:all 1:2.11.0-3+deb9u5 1:2.11.0-3+deb9u7
2020-12-02 11:53:47 status half-configured git-man:all 1:2.11.0-3+deb9u5
2020-12-02 11:53:47 status unpacked git-man:all 1:2.11.0-3+deb9u5
2020-12-02 11:53:47 status half-installed git-man:all 1:2.11.0-3+deb9u5
2020-12-02 11:53:49 status half-installed git-man:all 1:2.11.0-3+deb9u5
2020-12-02 11:53:49 status unpacked git-man:all 1:2.11.0-3+deb9u7
2020-12-02 11:53:49 status unpacked git-man:all 1:2.11.0-3+deb9u7
2020-12-02 11:53:49 upgrade libcomerr2:amd64 1.43.4-2+deb9u1 1.43.4-2+deb9u2
2020-12-02 11:53:49 status half-configured libcomerr2:amd64 1.43.4-2+deb9u1
2020-12-02 11:53:49 status unpacked libcomerr2:amd64 1.43.4-2+deb9u1
2020-12-02 11:53:49 status half-installed libcomerr2:amd64 1.43.4-2+deb9u1
2020-12-02 11:53:50 status half-installed libcomerr2:amd64 1.43.4-2+deb9u1
2020-12-02 11:53:50 status unpacked libcomerr2:amd64 1.43.4-2+deb9u2
2020-12-02 11:53:50 status unpacked libcomerr2:amd64 1.43.4-2+deb9u2
2020-12-02 11:53:50 startup packages configure
2020-12-02 11:53:50 configure libcomerr2:amd64 1.43.4-2+deb9u2 <none>
2020-12-02 11:53:50 status unpacked libcomerr2:amd64 1.43.4-2+deb9u2
2020-12-02 11:53:50 status half-configured libcomerr2:amd64 1.43.4-2+deb9u2
2020-12-02 11:53:50 status installed libcomerr2:amd64 1.43.4-2+deb9u2
2020-12-02 11:53:50 startup archives unpack
2020-12-02 11:53:50 upgrade libidn11:amd64 1.33-1 1.33-1+deb9u1
2020-12-02 11:53:50 status half-configured libidn11:amd64 1.33-1
2020-12-02 11:53:50 status unpacked libidn11:amd64 1.33-1
2020-12-02 11:53:50 status half-installed libidn11:amd64 1.33-1
2020-12-02 11:53:50 status half-installed libidn11:amd64 1.33-1
2020-12-02 11:53:50 status unpacked libidn11:amd64 1.33-1+deb9u1
2020-12-02 11:53:50 status unpacked libidn11:amd64 1.33-1+deb9u1
2020-12-02 11:53:50 upgrade libgnutls30:amd64 3.5.8-5+deb9u4 3.5.8-5+deb9u5
2020-12-02 11:53:50 status half-configured libgnutls30:amd64 3.5.8-5+deb9u4
2020-12-02 11:53:50 status unpacked libgnutls30:amd64 3.5.8-5+deb9u4
2020-12-02 11:53:50 status half-installed libgnutls30:amd64 3.5.8-5+deb9u4
2020-12-02 11:53:51 status half-installed libgnutls30:amd64 3.5.8-5+deb9u4
2020-12-02 11:53:51 status unpacked libgnutls30:amd64 3.5.8-5+deb9u5
2020-12-02 11:53:51 status unpacked libgnutls30:amd64 3.5.8-5+deb9u5
2020-12-02 11:53:51 upgrade libgssapi-krb5-2:amd64 1.15-1+deb9u1 1.15-1+deb9u2
2020-12-02 11:53:51 status half-configured libgssapi-krb5-2:amd64 1.15-1+deb9u1
2020-12-02 11:53:51 status unpacked libgssapi-krb5-2:amd64 1.15-1+deb9u1
2020-12-02 11:53:51 status half-installed libgssapi-krb5-2:amd64 1.15-1+deb9u1
2020-12-02 11:53:51 status half-installed libgssapi-krb5-2:amd64 1.15-1+deb9u1
2020-12-02 11:53:52 status unpacked libgssapi-krb5-2:amd64 1.15-1+deb9u2
2020-12-02 11:53:52 status unpacked libgssapi-krb5-2:amd64 1.15-1+deb9u2
2020-12-02 11:53:52 upgrade libkrb5-3:amd64 1.15-1+deb9u1 1.15-1+deb9u2
2020-12-02 11:53:52 status half-configured libkrb5-3:amd64 1.15-1+deb9u1
2020-12-02 11:53:52 status unpacked libkrb5-3:amd64 1.15-1+deb9u1
2020-12-02 11:53:52 status half-installed libkrb5-3:amd64 1.15-1+deb9u1
2020-12-02 11:53:52 status half-installed libkrb5-3:amd64 1.15-1+deb9u1
2020-12-02 11:53:52 status unpacked libkrb5-3:amd64 1.15-1+deb9u2
2020-12-02 11:53:52 status unpacked libkrb5-3:amd64 1.15-1+deb9u2
2020-12-02 11:53:52 upgrade libkrb5support0:amd64 1.15-1+deb9u1 1.15-1+deb9u2
2020-12-02 11:53:52 status half-configured libkrb5support0:amd64 1.15-1+deb9u1
2020-12-02 11:53:52 status unpacked libkrb5support0:amd64 1.15-1+deb9u1
2020-12-02 11:53:52 status half-installed libkrb5support0:amd64 1.15-1+deb9u1
2020-12-02 11:53:52 status half-installed libkrb5support0:amd64 1.15-1+deb9u1
2020-12-02 11:53:52 status unpacked libkrb5support0:amd64 1.15-1+deb9u2
2020-12-02 11:53:52 status unpacked libkrb5support0:amd64 1.15-1+deb9u2
2020-12-02 11:53:52 upgrade libk5crypto3:amd64 1.15-1+deb9u1 1.15-1+deb9u2
2020-12-02 11:53:52 status half-configured libk5crypto3:amd64 1.15-1+deb9u1
2020-12-02 11:53:53 status unpacked libk5crypto3:amd64 1.15-1+deb9u1
2020-12-02 11:53:53 status half-installed libk5crypto3:amd64 1.15-1+deb9u1
2020-12-02 11:53:53 status half-installed libk5crypto3:amd64 1.15-1+deb9u1
2020-12-02 11:53:53 status unpacked libk5crypto3:amd64 1.15-1+deb9u2
2020-12-02 11:53:53 status unpacked libk5crypto3:amd64 1.15-1+deb9u2
2020-12-02 11:53:53 upgrade libldap-common:all 2.4.44+dfsg-5+deb9u3 2.4.44+dfsg-5+deb9u5
2020-12-02 11:53:53 status half-configured libldap-common:all 2.4.44+dfsg-5+deb9u3
2020-12-02 11:53:53 status unpacked libldap-common:all 2.4.44+dfsg-5+deb9u3
2020-12-02 11:53:53 status half-installed libldap-common:all 2.4.44+dfsg-5+deb9u3
2020-12-02 11:53:53 status half-installed libldap-common:all 2.4.44+dfsg-5+deb9u3
2020-12-02 11:53:53 status unpacked libldap-common:all 2.4.44+dfsg-5+deb9u5
2020-12-02 11:53:53 status unpacked libldap-common:all 2.4.44+dfsg-5+deb9u5
2020-12-02 11:53:53 upgrade libldap-2.4-2:amd64 2.4.44+dfsg-5+deb9u3 2.4.44+dfsg-5+deb9u5
2020-12-02 11:53:53 status half-configured libldap-2.4-2:amd64 2.4.44+dfsg-5+deb9u3
2020-12-02 11:53:53 status unpacked libldap-2.4-2:amd64 2.4.44+dfsg-5+deb9u3
2020-12-02 11:53:53 status half-installed libldap-2.4-2:amd64 2.4.44+dfsg-5+deb9u3
2020-12-02 11:53:53 status half-installed libldap-2.4-2:amd64 2.4.44+dfsg-5+deb9u3
2020-12-02 11:53:53 status unpacked libldap-2.4-2:amd64 2.4.44+dfsg-5+deb9u5
2020-12-02 11:53:53 status unpacked libldap-2.4-2:amd64 2.4.44+dfsg-5+deb9u5
2020-12-02 11:53:54 upgrade libcurl3-gnutls:amd64 7.52.1-5+deb9u9 7.52.1-5+deb9u12
2020-12-02 11:53:54 status half-configured libcurl3-gnutls:amd64 7.52.1-5+deb9u9
2020-12-02 11:53:54 status unpacked libcurl3-gnutls:amd64 7.52.1-5+deb9u9
2020-12-02 11:53:54 status half-installed libcurl3-gnutls:amd64 7.52.1-5+deb9u9
2020-12-02 11:53:54 status half-installed libcurl3-gnutls:amd64 7.52.1-5+deb9u9
2020-12-02 11:53:54 status unpacked libcurl3-gnutls:amd64 7.52.1-5+deb9u12
2020-12-02 11:53:54 status unpacked libcurl3-gnutls:amd64 7.52.1-5+deb9u12
2020-12-02 11:53:54 upgrade git:amd64 1:2.11.0-3+deb9u5 1:2.11.0-3+deb9u7
2020-12-02 11:53:54 status half-configured git:amd64 1:2.11.0-3+deb9u5
2020-12-02 11:53:54 status unpacked git:amd64 1:2.11.0-3+deb9u5
2020-12-02 11:53:54 status half-installed git:amd64 1:2.11.0-3+deb9u5
2020-12-02 11:54:02 status half-installed git:amd64 1:2.11.0-3+deb9u5
2020-12-02 11:54:03 status unpacked git:amd64 1:2.11.0-3+deb9u7
2020-12-02 11:54:03 status unpacked git:amd64 1:2.11.0-3+deb9u7
2020-12-02 11:54:03 upgrade python2.7:amd64 2.7.13-2+deb9u3 2.7.13-2+deb9u4
2020-12-02 11:54:03 status half-configured python2.7:amd64 2.7.13-2+deb9u3
2020-12-02 11:54:03 status unpacked python2.7:amd64 2.7.13-2+deb9u3
2020-12-02 11:54:03 status half-installed python2.7:amd64 2.7.13-2+deb9u3
2020-12-02 11:54:03 status triggers-pending mime-support:all 3.60
2020-12-02 11:54:04 status half-installed python2.7:amd64 2.7.13-2+deb9u3
2020-12-02 11:54:04 status unpacked python2.7:amd64 2.7.13-2+deb9u4
2020-12-02 11:54:04 status unpacked python2.7:amd64 2.7.13-2+deb9u4
2020-12-02 11:54:04 upgrade libsqlite3-0:amd64 3.16.2-5+deb9u1 3.16.2-5+deb9u2
2020-12-02 11:54:04 status half-configured libsqlite3-0:amd64 3.16.2-5+deb9u1
2020-12-02 11:54:04 status unpacked libsqlite3-0:amd64 3.16.2-5+deb9u1
2020-12-02 11:54:04 status half-installed libsqlite3-0:amd64 3.16.2-5+deb9u1
2020-12-02 11:54:04 status half-installed libsqlite3-0:amd64 3.16.2-5+deb9u1
2020-12-02 11:54:04 status unpacked libsqlite3-0:amd64 3.16.2-5+deb9u2
2020-12-02 11:54:04 status unpacked libsqlite3-0:amd64 3.16.2-5+deb9u2
2020-12-02 11:54:04 upgrade libpython2.7-stdlib:amd64 2.7.13-2+deb9u3 2.7.13-2+deb9u4
2020-12-02 11:54:04 status half-configured libpython2.7-stdlib:amd64 2.7.13-2+deb9u3
2020-12-02 11:54:04 status unpacked libpython2.7-stdlib:amd64 2.7.13-2+deb9u3
2020-12-02 11:54:04 status half-installed libpython2.7-stdlib:amd64 2.7.13-2+deb9u3
2020-12-02 11:54:10 status half-installed libpython2.7-stdlib:amd64 2.7.13-2+deb9u3
2020-12-02 11:54:10 status unpacked libpython2.7-stdlib:amd64 2.7.13-2+deb9u4
2020-12-02 11:54:10 status unpacked libpython2.7-stdlib:amd64 2.7.13-2+deb9u4
2020-12-02 11:54:10 upgrade python2.7-minimal:amd64 2.7.13-2+deb9u3 2.7.13-2+deb9u4
2020-12-02 11:54:10 status half-configured python2.7-minimal:amd64 2.7.13-2+deb9u3
2020-12-02 11:54:10 status unpacked python2.7-minimal:amd64 2.7.13-2+deb9u3
2020-12-02 11:54:10 status half-installed python2.7-minimal:amd64 2.7.13-2+deb9u3
2020-12-02 11:54:11 status half-installed python2.7-minimal:amd64 2.7.13-2+deb9u3
2020-12-02 11:54:11 status unpacked python2.7-minimal:amd64 2.7.13-2+deb9u4
2020-12-02 11:54:11 status unpacked python2.7-minimal:amd64 2.7.13-2+deb9u4
2020-12-02 11:54:11 upgrade libpython2.7-minimal:amd64 2.7.13-2+deb9u3 2.7.13-2+deb9u4
2020-12-02 11:54:11 status half-configured libpython2.7-minimal:amd64 2.7.13-2+deb9u3
2020-12-02 11:54:11 status unpacked libpython2.7-minimal:amd64 2.7.13-2+deb9u3
2020-12-02 11:54:11 status half-installed libpython2.7-minimal:amd64 2.7.13-2+deb9u3
2020-12-02 11:54:14 status half-installed libpython2.7-minimal:amd64 2.7.13-2+deb9u3
2020-12-02 11:54:14 status unpacked libpython2.7-minimal:amd64 2.7.13-2+deb9u4
2020-12-02 11:54:14 status unpacked libpython2.7-minimal:amd64 2.7.13-2+deb9u4
2020-12-02 11:54:14 upgrade libss2:amd64 1.43.4-2+deb9u1 1.43.4-2+deb9u2
2020-12-02 11:54:14 status half-configured libss2:amd64 1.43.4-2+deb9u1
2020-12-02 11:54:14 status unpacked libss2:amd64 1.43.4-2+deb9u1
2020-12-02 11:54:14 status half-installed libss2:amd64 1.43.4-2+deb9u1
2020-12-02 11:54:14 status half-installed libss2:amd64 1.43.4-2+deb9u1
2020-12-02 11:54:14 status unpacked libss2:amd64 1.43.4-2+deb9u2
2020-12-02 11:54:14 status unpacked libss2:amd64 1.43.4-2+deb9u2
2020-12-02 11:54:15 startup packages configure
2020-12-02 11:54:15 configure libss2:amd64 1.43.4-2+deb9u2 <none>
2020-12-02 11:54:15 status unpacked libss2:amd64 1.43.4-2+deb9u2
2020-12-02 11:54:15 status half-configured libss2:amd64 1.43.4-2+deb9u2
2020-12-02 11:54:15 status installed libss2:amd64 1.43.4-2+deb9u2
2020-12-02 11:54:15 startup archives unpack
2020-12-02 11:54:15 upgrade tzdata:all 2019c-0+deb9u1 2020d-0+deb9u1
2020-12-02 11:54:15 status half-configured tzdata:all 2019c-0+deb9u1
2020-12-02 11:54:15 status unpacked tzdata:all 2019c-0+deb9u1
2020-12-02 11:54:15 status half-installed tzdata:all 2019c-0+deb9u1
2020-12-02 11:54:24 status half-installed tzdata:all 2019c-0+deb9u1
2020-12-02 11:54:24 status unpacked tzdata:all 2020d-0+deb9u1
2020-12-02 11:54:24 status unpacked tzdata:all 2020d-0+deb9u1
2020-12-02 11:54:24 upgrade libssl1.0.2:amd64 1.0.2u-1~deb9u1 1.0.2u-1~deb9u2
2020-12-02 11:54:24 status half-configured libssl1.0.2:amd64 1.0.2u-1~deb9u1
2020-12-02 11:54:24 status unpacked libssl1.0.2:amd64 1.0.2u-1~deb9u1
2020-12-02 11:54:24 status half-installed libssl1.0.2:amd64 1.0.2u-1~deb9u1
2020-12-02 11:54:25 status half-installed libssl1.0.2:amd64 1.0.2u-1~deb9u1
2020-12-02 11:54:25 status unpacked libssl1.0.2:amd64 1.0.2u-1~deb9u2
2020-12-02 11:54:25 status unpacked libssl1.0.2:amd64 1.0.2u-1~deb9u2
2020-12-02 11:54:25 upgrade ca-certificates:all 20161130+nmu1+deb9u1 20200601~deb9u1
2020-12-02 11:54:25 status half-configured ca-certificates:all 20161130+nmu1+deb9u1
2020-12-02 11:54:25 status unpacked ca-certificates:all 20161130+nmu1+deb9u1
2020-12-02 11:54:25 status half-installed ca-certificates:all 20161130+nmu1+deb9u1
2020-12-02 11:54:27 status half-installed ca-certificates:all 20161130+nmu1+deb9u1
2020-12-02 11:54:27 status unpacked ca-certificates:all 20200601~deb9u1
2020-12-02 11:54:27 status unpacked ca-certificates:all 20200601~deb9u1
2020-12-02 11:54:27 upgrade curl:amd64 7.52.1-5+deb9u9 7.52.1-5+deb9u12
2020-12-02 11:54:27 status half-configured curl:amd64 7.52.1-5+deb9u9
2020-12-02 11:54:27 status unpacked curl:amd64 7.52.1-5+deb9u9
2020-12-02 11:54:27 status half-installed curl:amd64 7.52.1-5+deb9u9
2020-12-02 11:54:27 status half-installed curl:amd64 7.52.1-5+deb9u9
2020-12-02 11:54:27 status unpacked curl:amd64 7.52.1-5+deb9u12
2020-12-02 11:54:27 status unpacked curl:amd64 7.52.1-5+deb9u12
2020-12-02 11:54:27 upgrade libcurl3:amd64 7.52.1-5+deb9u9 7.52.1-5+deb9u12
2020-12-02 11:54:27 status half-configured libcurl3:amd64 7.52.1-5+deb9u9
2020-12-02 11:54:27 status unpacked libcurl3:amd64 7.52.1-5+deb9u9
2020-12-02 11:54:27 status half-installed libcurl3:amd64 7.52.1-5+deb9u9
2020-12-02 11:54:28 status half-installed libcurl3:amd64 7.52.1-5+deb9u9
2020-12-02 11:54:28 status unpacked libcurl3:amd64 7.52.1-5+deb9u12
2020-12-02 11:54:28 status unpacked libcurl3:amd64 7.52.1-5+deb9u12
2020-12-02 11:54:28 upgrade libfreetype6:amd64 2.6.3-3.2 2.6.3-3.2+deb9u2
2020-12-02 11:54:28 status half-configured libfreetype6:amd64 2.6.3-3.2
2020-12-02 11:54:28 status unpacked libfreetype6:amd64 2.6.3-3.2
2020-12-02 11:54:28 status half-installed libfreetype6:amd64 2.6.3-3.2
2020-12-02 11:54:28 status half-installed libfreetype6:amd64 2.6.3-3.2
2020-12-02 11:54:28 status unpacked libfreetype6:amd64 2.6.3-3.2+deb9u2
2020-12-02 11:54:28 status unpacked libfreetype6:amd64 2.6.3-3.2+deb9u2
2020-12-02 11:54:28 upgrade mercurial:amd64 4.0-1+deb9u1 4.0-1+deb9u2
2020-12-02 11:54:28 status half-configured mercurial:amd64 4.0-1+deb9u1
2020-12-02 11:54:28 status unpacked mercurial:amd64 4.0-1+deb9u1
2020-12-02 11:54:28 status half-installed mercurial:amd64 4.0-1+deb9u1
2020-12-02 11:54:29 status half-installed mercurial:amd64 4.0-1+deb9u1
2020-12-02 11:54:29 status unpacked mercurial:amd64 4.0-1+deb9u2
2020-12-02 11:54:29 status unpacked mercurial:amd64 4.0-1+deb9u2
2020-12-02 11:54:29 upgrade mercurial-common:all 4.0-1+deb9u1 4.0-1+deb9u2
2020-12-02 11:54:29 status half-configured mercurial-common:all 4.0-1+deb9u1
2020-12-02 11:54:29 status unpacked mercurial-common:all 4.0-1+deb9u1
2020-12-02 11:54:29 status half-installed mercurial-common:all 4.0-1+deb9u1
2020-12-02 11:54:35 status half-installed mercurial-common:all 4.0-1+deb9u1
2020-12-02 11:54:35 status unpacked mercurial-common:all 4.0-1+deb9u2
2020-12-02 11:54:35 status unpacked mercurial-common:all 4.0-1+deb9u2
2020-12-02 11:54:35 startup packages configure
2020-12-02 11:54:35 configure perl-modules-5.24:all 5.24.1-3+deb9u7 <none>
2020-12-02 11:54:35 status unpacked perl-modules-5.24:all 5.24.1-3+deb9u7
2020-12-02 11:54:35 status half-configured perl-modules-5.24:all 5.24.1-3+deb9u7
2020-12-02 11:54:35 status installed perl-modules-5.24:all 5.24.1-3+deb9u7
2020-12-02 11:54:35 configure libperl5.24:amd64 5.24.1-3+deb9u7 <none>
2020-12-02 11:54:35 status unpacked libperl5.24:amd64 5.24.1-3+deb9u7
2020-12-02 11:54:35 status half-configured libperl5.24:amd64 5.24.1-3+deb9u7
2020-12-02 11:54:35 status installed libperl5.24:amd64 5.24.1-3+deb9u7
2020-12-02 11:54:35 configure git-man:all 1:2.11.0-3+deb9u7 <none>
2020-12-02 11:54:35 status unpacked git-man:all 1:2.11.0-3+deb9u7
2020-12-02 11:54:36 status half-configured git-man:all 1:2.11.0-3+deb9u7
2020-12-02 11:54:36 status installed git-man:all 1:2.11.0-3+deb9u7
2020-12-02 11:54:36 trigproc mime-support:all 3.60 <none>
2020-12-02 11:54:36 status half-configured mime-support:all 3.60
2020-12-02 11:54:36 status installed mime-support:all 3.60
2020-12-02 11:54:36 configure libldap-common:all 2.4.44+dfsg-5+deb9u5 <none>
2020-12-02 11:54:36 status unpacked libldap-common:all 2.4.44+dfsg-5+deb9u5
2020-12-02 11:54:36 status unpacked libldap-common:all 2.4.44+dfsg-5+deb9u5
2020-12-02 11:54:36 status half-configured libldap-common:all 2.4.44+dfsg-5+deb9u5
2020-12-02 11:54:36 status installed libldap-common:all 2.4.44+dfsg-5+deb9u5
2020-12-02 11:54:36 configure tzdata:all 2020d-0+deb9u1 <none>
2020-12-02 11:54:36 status unpacked tzdata:all 2020d-0+deb9u1
2020-12-02 11:54:36 status half-configured tzdata:all 2020d-0+deb9u1
2020-12-02 11:54:36 status installed tzdata:all 2020d-0+deb9u1
2020-12-02 11:54:36 configure libkrb5support0:amd64 1.15-1+deb9u2 <none>
2020-12-02 11:54:36 status unpacked libkrb5support0:amd64 1.15-1+deb9u2
2020-12-02 11:54:36 status half-configured libkrb5support0:amd64 1.15-1+deb9u2
2020-12-02 11:54:36 status installed libkrb5support0:amd64 1.15-1+deb9u2
2020-12-02 11:54:36 configure libfreetype6:amd64 2.6.3-3.2+deb9u2 <none>
2020-12-02 11:54:36 status unpacked libfreetype6:amd64 2.6.3-3.2+deb9u2
2020-12-02 11:54:36 status half-configured libfreetype6:amd64 2.6.3-3.2+deb9u2
2020-12-02 11:54:36 status installed libfreetype6:amd64 2.6.3-3.2+deb9u2
2020-12-02 11:54:36 configure perl:amd64 5.24.1-3+deb9u7 <none>
2020-12-02 11:54:36 status unpacked perl:amd64 5.24.1-3+deb9u7
2020-12-02 11:54:36 status unpacked perl:amd64 5.24.1-3+deb9u7
2020-12-02 11:54:36 status unpacked perl:amd64 5.24.1-3+deb9u7
2020-12-02 11:54:36 status half-configured perl:amd64 5.24.1-3+deb9u7
2020-12-02 11:54:36 status installed perl:amd64 5.24.1-3+deb9u7
2020-12-02 11:54:36 configure libssl1.0.2:amd64 1.0.2u-1~deb9u2 <none>
2020-12-02 11:54:36 status unpacked libssl1.0.2:amd64 1.0.2u-1~deb9u2
2020-12-02 11:54:36 status half-configured libssl1.0.2:amd64 1.0.2u-1~deb9u2
2020-12-02 11:54:36 status installed libssl1.0.2:amd64 1.0.2u-1~deb9u2
2020-12-02 11:54:37 configure mercurial-common:all 4.0-1+deb9u2 <none>
2020-12-02 11:54:37 status unpacked mercurial-common:all 4.0-1+deb9u2
2020-12-02 11:54:37 status unpacked mercurial-common:all 4.0-1+deb9u2
2020-12-02 11:54:37 status unpacked mercurial-common:all 4.0-1+deb9u2
2020-12-02 11:54:37 status unpacked mercurial-common:all 4.0-1+deb9u2
2020-12-02 11:54:37 status half-configured mercurial-common:all 4.0-1+deb9u2
2020-12-02 11:54:38 status installed mercurial-common:all 4.0-1+deb9u2
2020-12-02 11:54:38 configure mercurial:amd64 4.0-1+deb9u2 <none>
2020-12-02 11:54:38 status unpacked mercurial:amd64 4.0-1+deb9u2
2020-12-02 11:54:38 status half-configured mercurial:amd64 4.0-1+deb9u2
2020-12-02 11:54:38 status installed mercurial:amd64 4.0-1+deb9u2
2020-12-02 11:54:38 trigproc libc-bin:amd64 2.24-11+deb9u4 <none>
2020-12-02 11:54:38 status half-configured libc-bin:amd64 2.24-11+deb9u4
2020-12-02 11:54:38 status installed libc-bin:amd64 2.24-11+deb9u4
2020-12-02 11:54:38 configure libsqlite3-0:amd64 3.16.2-5+deb9u2 <none>
2020-12-02 11:54:38 status triggers-pending libc-bin:amd64 2.24-11+deb9u4
2020-12-02 11:54:38 status unpacked libsqlite3-0:amd64 3.16.2-5+deb9u2
2020-12-02 11:54:38 status half-configured libsqlite3-0:amd64 3.16.2-5+deb9u2
2020-12-02 11:54:38 status installed libsqlite3-0:amd64 3.16.2-5+deb9u2
2020-12-02 11:54:38 configure libpython2.7-minimal:amd64 2.7.13-2+deb9u4 <none>
2020-12-02 11:54:38 status unpacked libpython2.7-minimal:amd64 2.7.13-2+deb9u4
2020-12-02 11:54:39 status unpacked libpython2.7-minimal:amd64 2.7.13-2+deb9u4
2020-12-02 11:54:39 status half-configured libpython2.7-minimal:amd64 2.7.13-2+deb9u4
2020-12-02 11:54:39 status installed libpython2.7-minimal:amd64 2.7.13-2+deb9u4
2020-12-02 11:54:39 configure ca-certificates:all 20200601~deb9u1 <none>
2020-12-02 11:54:39 status unpacked ca-certificates:all 20200601~deb9u1
2020-12-02 11:54:39 status half-configured ca-certificates:all 20200601~deb9u1
2020-12-02 11:54:42 status installed ca-certificates:all 20200601~deb9u1
2020-12-02 11:54:42 status triggers-pending ca-certificates:all 20200601~deb9u1
2020-12-02 11:54:42 configure libpython2.7-stdlib:amd64 2.7.13-2+deb9u4 <none>
2020-12-02 11:54:42 status unpacked libpython2.7-stdlib:amd64 2.7.13-2+deb9u4
2020-12-02 11:54:42 status half-configured libpython2.7-stdlib:amd64 2.7.13-2+deb9u4
2020-12-02 11:54:42 status installed libpython2.7-stdlib:amd64 2.7.13-2+deb9u4
2020-12-02 11:54:42 configure libidn11:amd64 1.33-1+deb9u1 <none>
2020-12-02 11:54:42 status unpacked libidn11:amd64 1.33-1+deb9u1
2020-12-02 11:54:42 status half-configured libidn11:amd64 1.33-1+deb9u1
2020-12-02 11:54:42 status installed libidn11:amd64 1.33-1+deb9u1
2020-12-02 11:54:42 configure python2.7-minimal:amd64 2.7.13-2+deb9u4 <none>
2020-12-02 11:54:42 status unpacked python2.7-minimal:amd64 2.7.13-2+deb9u4
2020-12-02 11:54:42 status half-configured python2.7-minimal:amd64 2.7.13-2+deb9u4
2020-12-02 11:54:43 status installed python2.7-minimal:amd64 2.7.13-2+deb9u4
2020-12-02 11:54:43 configure libk5crypto3:amd64 1.15-1+deb9u2 <none>
2020-12-02 11:54:43 status unpacked libk5crypto3:amd64 1.15-1+deb9u2
2020-12-02 11:54:43 status half-configured libk5crypto3:amd64 1.15-1+deb9u2
2020-12-02 11:54:43 status installed libk5crypto3:amd64 1.15-1+deb9u2
2020-12-02 11:54:43 configure libgnutls30:amd64 3.5.8-5+deb9u5 <none>
2020-12-02 11:54:43 status unpacked libgnutls30:amd64 3.5.8-5+deb9u5
2020-12-02 11:54:43 status half-configured libgnutls30:amd64 3.5.8-5+deb9u5
2020-12-02 11:54:43 status installed libgnutls30:amd64 3.5.8-5+deb9u5
2020-12-02 11:54:43 configure python2.7:amd64 2.7.13-2+deb9u4 <none>
2020-12-02 11:54:43 status unpacked python2.7:amd64 2.7.13-2+deb9u4
2020-12-02 11:54:43 status half-configured python2.7:amd64 2.7.13-2+deb9u4
2020-12-02 11:54:44 status installed python2.7:amd64 2.7.13-2+deb9u4
2020-12-02 11:54:44 configure libldap-2.4-2:amd64 2.4.44+dfsg-5+deb9u5 <none>
2020-12-02 11:54:44 status unpacked libldap-2.4-2:amd64 2.4.44+dfsg-5+deb9u5
2020-12-02 11:54:44 status half-configured libldap-2.4-2:amd64 2.4.44+dfsg-5+deb9u5
2020-12-02 11:54:44 status installed libldap-2.4-2:amd64 2.4.44+dfsg-5+deb9u5
2020-12-02 11:54:44 configure libkrb5-3:amd64 1.15-1+deb9u2 <none>
2020-12-02 11:54:44 status unpacked libkrb5-3:amd64 1.15-1+deb9u2
2020-12-02 11:54:44 status half-configured libkrb5-3:amd64 1.15-1+deb9u2
2020-12-02 11:54:44 status installed libkrb5-3:amd64 1.15-1+deb9u2
2020-12-02 11:54:44 configure libgssapi-krb5-2:amd64 1.15-1+deb9u2 <none>
2020-12-02 11:54:44 status unpacked libgssapi-krb5-2:amd64 1.15-1+deb9u2
2020-12-02 11:54:44 status unpacked libgssapi-krb5-2:amd64 1.15-1+deb9u2
2020-12-02 11:54:44 status half-configured libgssapi-krb5-2:amd64 1.15-1+deb9u2
2020-12-02 11:54:44 status installed libgssapi-krb5-2:amd64 1.15-1+deb9u2
2020-12-02 11:54:44 configure libcurl3:amd64 7.52.1-5+deb9u12 <none>
2020-12-02 11:54:44 status unpacked libcurl3:amd64 7.52.1-5+deb9u12
2020-12-02 11:54:44 status half-configured libcurl3:amd64 7.52.1-5+deb9u12
2020-12-02 11:54:44 status installed libcurl3:amd64 7.52.1-5+deb9u12
2020-12-02 11:54:44 configure libcurl3-gnutls:amd64 7.52.1-5+deb9u12 <none>
2020-12-02 11:54:44 status unpacked libcurl3-gnutls:amd64 7.52.1-5+deb9u12
2020-12-02 11:54:44 status half-configured libcurl3-gnutls:amd64 7.52.1-5+deb9u12
2020-12-02 11:54:44 status installed libcurl3-gnutls:amd64 7.52.1-5+deb9u12
2020-12-02 11:54:44 configure git:amd64 1:2.11.0-3+deb9u7 <none>
2020-12-02 11:54:44 status unpacked git:amd64 1:2.11.0-3+deb9u7
2020-12-02 11:54:44 status unpacked git:amd64 1:2.11.0-3+deb9u7
2020-12-02 11:54:44 status half-configured git:amd64 1:2.11.0-3+deb9u7
2020-12-02 11:54:44 status installed git:amd64 1:2.11.0-3+deb9u7
2020-12-02 11:54:44 configure curl:amd64 7.52.1-5+deb9u12 <none>
2020-12-02 11:54:44 status unpacked curl:amd64 7.52.1-5+deb9u12
2020-12-02 11:54:44 status half-configured curl:amd64 7.52.1-5+deb9u12
2020-12-02 11:54:44 status installed curl:amd64 7.52.1-5+deb9u12
2020-12-02 11:54:44 trigproc libc-bin:amd64 2.24-11+deb9u4 <none>
2020-12-02 11:54:44 status half-configured libc-bin:amd64 2.24-11+deb9u4
2020-12-02 11:54:44 status installed libc-bin:amd64 2.24-11+deb9u4
2020-12-02 11:54:44 trigproc ca-certificates:all 20200601~deb9u1 <none>
2020-12-02 11:54:44 status half-configured ca-certificates:all 20200601~deb9u1
2020-12-02 11:54:45 status installed ca-certificates:all 20200601~deb9u1
2020-12-02 11:54:49 startup archives unpack
2020-12-02 11:54:50 install apt-transport-https:amd64 <none> 1.4.10
2020-12-02 11:54:50 status half-installed apt-transport-https:amd64 1.4.10
2020-12-02 11:54:50 status unpacked apt-transport-https:amd64 1.4.10
2020-12-02 11:54:50 status unpacked apt-transport-https:amd64 1.4.10
2020-12-02 11:54:50 startup packages configure
2020-12-02 11:54:50 configure apt-transport-https:amd64 1.4.10 <none>
2020-12-02 11:54:50 status unpacked apt-transport-https:amd64 1.4.10
2020-12-02 11:54:50 status half-configured apt-transport-https:amd64 1.4.10
2020-12-02 11:54:50 status installed apt-transport-https:amd64 1.4.10
2020-12-02 11:54:56 startup archives unpack
2020-12-02 11:54:56 install git-lfs:amd64 <none> 2.12.1
2020-12-02 11:54:56 status half-installed git-lfs:amd64 2.12.1
2020-12-02 11:54:56 status unpacked git-lfs:amd64 2.12.1
2020-12-02 11:54:56 status unpacked git-lfs:amd64 2.12.1
2020-12-02 11:54:56 startup packages configure
2020-12-02 11:54:56 configure git-lfs:amd64 2.12.1 <none>
2020-12-02 11:54:56 status unpacked git-lfs:amd64 2.12.1
2020-12-02 11:54:56 status half-configured git-lfs:amd64 2.12.1
2020-12-02 11:54:56 status installed git-lfs:amd64 2.12.1
